<?xml version="1.0" encoding="utf-8"?>
<CoverageSession xmlns:xsd="http://www.w3.org/2001/XMLSchema" xmlns:xsi="http://www.w3.org/2001/XMLSchema-instance">
  <Modules>
    <Module skippedDueTo="Filter" hash="EE-CB-6B-C7-3D-5C-1A-CF-2C-B9-84-99-25-BE-7D-F0-26-C8-E4-2C">
      <FullName>C:\WINDOWS\Microsoft.Net\assembly\GAC_32\mscorlib\v4.0_4.0.0.0__b77a5c561934e089\mscorlib.dll</FullName>
      <ModuleName>mscorlib</ModuleName>
      <Classes />
    </Module>
    <Module skippedDueTo="MissingPdb" hash="DA-11-AB-7A-54-40-91-0F-E3-CC-4F-E4-30-43-80-09-4A-8C-B6-BA">
      <FullName>C:\Program Files (x86)\SharpDevelop\4.3\bin\Tools\NUnit\nunit-console-x86.exe</FullName>
      <ModuleName>nunit-console</ModuleName>
      <Classes />
    </Module>
    <Module skippedDueTo="MissingPdb" hash="23-35-8C-86-05-D5-AE-FE-3C-1F-09-A0-86-02-40-7C-4F-CA-59-41">
      <FullName>C:\Program Files (x86)\SharpDevelop\4.3\bin\Tools\NUnit\lib\nunit.core.dll</FullName>
      <ModuleName>nunit.core</ModuleName>
      <Classes />
    </Module>
    <Module skippedDueTo="MissingPdb" hash="79-F8-9A-22-4E-29-52-37-00-CF-81-FF-1F-EA-05-EC-74-2A-2E-C8">
      <FullName>C:\Program Files (x86)\SharpDevelop\4.3\bin\Tools\NUnit\lib\nunit-console-runner.dll</FullName>
      <ModuleName>nunit-console-runner</ModuleName>
      <Classes />
    </Module>
    <Module skippedDueTo="MissingPdb" hash="57-DD-20-42-DA-33-B3-EE-DA-8C-8E-25-C9-E5-07-B5-08-62-0F-88">
      <FullName>C:\Program Files (x86)\SharpDevelop\4.3\bin\Tools\NUnit\lib\nunit.util.dll</FullName>
      <ModuleName>nunit.util</ModuleName>
      <Classes />
    </Module>
    <Module skippedDueTo="MissingPdb" hash="AD-76-2F-3C-5E-F6-77-0D-C6-AD-AF-A3-90-85-28-07-2D-A0-59-50">
      <FullName>C:\Program Files (x86)\SharpDevelop\4.3\bin\Tools\NUnit\lib\nunit.core.interfaces.dll</FullName>
      <ModuleName>nunit.core.interfaces</ModuleName>
      <Classes />
    </Module>
    <Module skippedDueTo="Filter" hash="B6-60-CE-70-25-03-8E-12-F0-FF-EB-DA-C8-94-AA-A9-02-DE-71-07">
      <FullName>C:\WINDOWS\Microsoft.Net\assembly\GAC_MSIL\System.Configuration\v4.0_4.0.0.0__b03f5f7f11d50a3a\System.Configuration.dll</FullName>
      <ModuleName>System.Configuration</ModuleName>
      <Classes />
    </Module>
    <Module skippedDueTo="Filter" hash="79-DD-49-29-A6-8C-BD-B2-DD-EB-1F-29-44-27-B0-62-83-FC-28-5B">
      <FullName>C:\WINDOWS\Microsoft.Net\assembly\GAC_MSIL\System\v4.0_4.0.0.0__b77a5c561934e089\System.dll</FullName>
      <ModuleName>System</ModuleName>
      <Classes />
    </Module>
    <Module skippedDueTo="Filter" hash="C9-BC-DF-73-A0-25-04-46-0C-54-0E-8A-45-29-C8-24-C8-0D-43-0D">
      <FullName>C:\WINDOWS\Microsoft.Net\assembly\GAC_MSIL\System.Xml\v4.0_4.0.0.0__b77a5c561934e089\System.Xml.dll</FullName>
      <ModuleName>System.Xml</ModuleName>
      <Classes />
    </Module>
    <Module skippedDueTo="Filter" hash="71-39-D8-02-B9-6A-86-3A-B0-3A-BA-34-C3-A1-96-D7-FF-CF-0C-A9">
      <FullName>C:\WINDOWS\Microsoft.Net\assembly\GAC_MSIL\System.Runtime.Remoting\v4.0_4.0.0.0__b77a5c561934e089\System.Runtime.Remoting.dll</FullName>
      <ModuleName>System.Runtime.Remoting</ModuleName>
      <Classes />
    </Module>
    <Module skippedDueTo="MissingPdb" hash="23-35-8C-86-05-D5-AE-FE-3C-1F-09-A0-86-02-40-7C-4F-CA-59-41">
      <FullName>C:\Program Files (x86)\SharpDevelop\4.3\bin\Tools\NUnit\lib\nunit.core.dll</FullName>
      <ModuleName>nunit.core</ModuleName>
      <Classes />
    </Module>
    <Module skippedDueTo="Filter" hash="79-DD-49-29-A6-8C-BD-B2-DD-EB-1F-29-44-27-B0-62-83-FC-28-5B">
      <FullName>C:\WINDOWS\Microsoft.Net\assembly\GAC_MSIL\System\v4.0_4.0.0.0__b77a5c561934e089\System.dll</FullName>
      <ModuleName>System</ModuleName>
      <Classes />
    </Module>
    <Module skippedDueTo="Filter" hash="C9-BC-DF-73-A0-25-04-46-0C-54-0E-8A-45-29-C8-24-C8-0D-43-0D">
      <FullName>C:\WINDOWS\Microsoft.Net\assembly\GAC_MSIL\System.Xml\v4.0_4.0.0.0__b77a5c561934e089\System.Xml.dll</FullName>
      <ModuleName>System.Xml</ModuleName>
      <Classes />
    </Module>
    <Module skippedDueTo="MissingPdb" hash="AD-76-2F-3C-5E-F6-77-0D-C6-AD-AF-A3-90-85-28-07-2D-A0-59-50">
      <FullName>C:\Program Files (x86)\SharpDevelop\4.3\bin\Tools\NUnit\lib\nunit.core.interfaces.dll</FullName>
      <ModuleName>nunit.core.interfaces</ModuleName>
      <Classes />
    </Module>
    <Module hash="77-5E-11-72-BD-B3-4F-C1-02-91-ED-CD-6A-92-E2-19-7C-B4-20-6B">
      <FullName>C:\Users\mzkapoo\AppData\Local\Temp\nunit20\ShadowCopyCache\9372_635225071424335596\Tests_62974687\assembly\dl3\d2839864\c75e1467_84f7ce01\ExportExtension.Tests.dll</FullName>
      <ModuleName>ExportExtension.Tests</ModuleName>
      <Files>
        <File uid="1" fullPath="c:\Users\mzkapoo\Documents\SharpDevelop Projects\Apriori\ExportExtension.Tests\AprioriExtensionTest.cs" />
        <File uid="2" fullPath="c:\Users\mzkapoo\Documents\SharpDevelop Projects\Apriori\ExportExtension.Tests\DatabaseTest.cs" />
        <File uid="3" fullPath="c:\Users\mzkapoo\Documents\SharpDevelop Projects\Apriori\ExportExtension.Tests\ListTest.cs" />
      </Files>
      <Classes>
        <Class>
          <FullName>&lt;Module&gt;</FullName>
          <Methods />
        </Class>
        <Class>
          <FullName>ExportExtension.Tests.AprioriExtensionTest</FullName>
          <Methods>
            <Method visited="true" cyclomaticComplexity="7" sequenceCoverage="10" branchCoverage="0" isConstructor="false" isStatic="false" isGetter="false" isSetter="false">
              <MetadataToken>100663297</MetadataToken>
              <Name>System.Void ExportExtension.Tests.AprioriExtensionTest::GetFile()</Name>
              <FileRef uid="1" />
              <SequencePoints>
                <SequencePoint vc="1" uspid="1" ordinal="0" offset="0" sl="26" sc="3" el="26" ec="4" />
                <SequencePoint vc="1" uspid="2" ordinal="1" offset="1" sl="27" sc="4" el="27" ec="154" />
                <SequencePoint vc="1" uspid="3" ordinal="2" offset="12" sl="28" sc="4" el="28" ec="49" />
                <SequencePoint vc="0" uspid="4" ordinal="3" offset="24" sl="29" sc="4" el="29" ec="11" />
                <SequencePoint vc="0" uspid="5" ordinal="4" offset="25" sl="29" sc="28" el="29" ec="34" />
                <SequencePoint vc="0" uspid="6" ordinal="5" offset="35" sl="29" sc="13" el="29" ec="24" />
                <SequencePoint vc="0" uspid="7" ordinal="6" offset="43" sl="29" sc="36" el="29" ec="37" />
                <SequencePoint vc="0" uspid="8" ordinal="7" offset="44" sl="30" sc="5" el="30" ec="37" />
                <SequencePoint vc="0" uspid="9" ordinal="8" offset="56" sl="31" sc="4" el="31" ec="5" />
                <SequencePoint vc="0" uspid="10" ordinal="9" offset="57" sl="29" sc="25" el="29" ec="27" />
                <SequencePoint vc="0" uspid="11" ordinal="10" offset="93" sl="32" sc="4" el="32" ec="69" />
                <SequencePoint vc="0" uspid="12" ordinal="11" offset="104" sl="33" sc="4" el="33" ec="72" />
                <SequencePoint vc="0" uspid="13" ordinal="12" offset="113" sl="34" sc="4" el="34" ec="11" />
                <SequencePoint vc="0" uspid="14" ordinal="13" offset="114" sl="34" sc="28" el="34" ec="33" />
                <SequencePoint vc="0" uspid="15" ordinal="14" offset="124" sl="34" sc="13" el="34" ec="24" />
                <SequencePoint vc="0" uspid="16" ordinal="15" offset="132" sl="34" sc="35" el="34" ec="36" />
                <SequencePoint vc="0" uspid="17" ordinal="16" offset="133" sl="35" sc="5" el="35" ec="37" />
                <SequencePoint vc="0" uspid="18" ordinal="17" offset="145" sl="36" sc="4" el="36" ec="5" />
                <SequencePoint vc="0" uspid="19" ordinal="18" offset="146" sl="34" sc="25" el="34" ec="27" />
                <SequencePoint vc="0" uspid="20" ordinal="19" offset="182" sl="37" sc="4" el="37" ec="69" />
                <SequencePoint vc="0" uspid="21" ordinal="20" offset="193" sl="38" sc="4" el="38" ec="68" />
                <SequencePoint vc="0" uspid="22" ordinal="21" offset="202" sl="39" sc="4" el="39" ec="11" />
                <SequencePoint vc="0" uspid="23" ordinal="22" offset="203" sl="39" sc="28" el="39" ec="34" />
                <SequencePoint vc="0" uspid="24" ordinal="23" offset="213" sl="39" sc="13" el="39" ec="24" />
                <SequencePoint vc="0" uspid="25" ordinal="24" offset="221" sl="40" sc="4" el="40" ec="5" />
                <SequencePoint vc="0" uspid="26" ordinal="25" offset="222" sl="41" sc="5" el="41" ec="37" />
                <SequencePoint vc="0" uspid="27" ordinal="26" offset="234" sl="42" sc="4" el="42" ec="5" />
                <SequencePoint vc="0" uspid="28" ordinal="27" offset="235" sl="39" sc="25" el="39" ec="27" />
                <SequencePoint vc="0" uspid="29" ordinal="28" offset="271" sl="43" sc="3" el="43" ec="4" />
              </SequencePoints>
              <BranchPoints>
                <BranchPoint vc="0" uspid="30" ordinal="0" offset="68" path="0" />
                <BranchPoint vc="0" uspid="31" ordinal="1" offset="68" path="1" />
                <BranchPoint vc="0" uspid="32" ordinal="2" offset="81" path="0" />
                <BranchPoint vc="0" uspid="33" ordinal="3" offset="81" path="1" />
                <BranchPoint vc="0" uspid="34" ordinal="4" offset="157" path="0" />
                <BranchPoint vc="0" uspid="35" ordinal="5" offset="157" path="1" />
                <BranchPoint vc="0" uspid="36" ordinal="6" offset="170" path="0" />
                <BranchPoint vc="0" uspid="37" ordinal="7" offset="170" path="1" />
                <BranchPoint vc="0" uspid="38" ordinal="8" offset="246" path="0" />
                <BranchPoint vc="0" uspid="39" ordinal="9" offset="246" path="1" />
                <BranchPoint vc="0" uspid="40" ordinal="10" offset="259" path="0" />
                <BranchPoint vc="0" uspid="41" ordinal="11" offset="259" path="1" />
              </BranchPoints>
              <MethodPoint xsi:type="SequencePoint" vc="1" uspid="1" ordinal="0" offset="0" sl="26" sc="3" el="26" ec="4" />
            </Method>
            <Method visited="true" cyclomaticComplexity="1" sequenceCoverage="0" branchCoverage="0" isConstructor="true" isStatic="false" isGetter="false" isSetter="false">
              <MetadataToken>100663298</MetadataToken>
              <Name>System.Void ExportExtension.Tests.AprioriExtensionTest::.ctor()</Name>
              <SequencePoints />
              <BranchPoints />
              <MethodPoint vc="1" uspid="42" ordinal="0" offset="0" />
            </Method>
          </Methods>
        </Class>
        <Class>
          <FullName>ExportExtension.Tests.DatabaseTest</FullName>
          <Methods>
            <Method visited="false" cyclomaticComplexity="1" sequenceCoverage="0" branchCoverage="0" isConstructor="false" isStatic="false" isGetter="false" isSetter="false">
              <MetadataToken>100663299</MetadataToken>
              <Name>System.Void ExportExtension.Tests.DatabaseTest::TestMethod()</Name>
              <FileRef uid="2" />
              <SequencePoints>
                <SequencePoint vc="0" uspid="43" ordinal="0" offset="0" sl="19" sc="3" el="19" ec="4" />
                <SequencePoint vc="0" uspid="44" ordinal="1" offset="1" sl="21" sc="3" el="21" ec="4" />
              </SequencePoints>
              <BranchPoints />
              <MethodPoint xsi:type="SequencePoint" vc="0" uspid="43" ordinal="0" offset="0" sl="19" sc="3" el="19" ec="4" />
            </Method>
            <Method visited="false" cyclomaticComplexity="1" sequenceCoverage="0" branchCoverage="0" isConstructor="true" isStatic="false" isGetter="false" isSetter="false">
              <MetadataToken>100663300</MetadataToken>
              <Name>System.Void ExportExtension.Tests.DatabaseTest::.ctor()</Name>
              <SequencePoints />
              <BranchPoints />
              <MethodPoint vc="0" uspid="45" ordinal="0" offset="0" />
            </Method>
          </Methods>
        </Class>
        <Class>
          <FullName>ExportExtension.Tests.ListTest</FullName>
          <Methods>
            <Method visited="false" cyclomaticComplexity="1" sequenceCoverage="0" branchCoverage="0" isConstructor="false" isStatic="false" isGetter="false" isSetter="false">
              <MetadataToken>100663301</MetadataToken>
              <Name>System.Void ExportExtension.Tests.ListTest::TestMethod()</Name>
              <FileRef uid="3" />
              <SequencePoints>
                <SequencePoint vc="0" uspid="46" ordinal="0" offset="0" sl="19" sc="3" el="19" ec="4" />
                <SequencePoint vc="0" uspid="47" ordinal="1" offset="1" sl="21" sc="3" el="21" ec="4" />
              </SequencePoints>
              <BranchPoints />
              <MethodPoint xsi:type="SequencePoint" vc="0" uspid="46" ordinal="0" offset="0" sl="19" sc="3" el="19" ec="4" />
            </Method>
            <Method visited="false" cyclomaticComplexity="1" sequenceCoverage="0" branchCoverage="0" isConstructor="true" isStatic="false" isGetter="false" isSetter="false">
              <MetadataToken>100663302</MetadataToken>
              <Name>System.Void ExportExtension.Tests.ListTest::.ctor()</Name>
              <SequencePoints />
              <BranchPoints />
              <MethodPoint vc="0" uspid="48" ordinal="0" offset="0" />
            </Method>
          </Methods>
        </Class>
      </Classes>
    </Module>
    <Module skippedDueTo="MissingPdb" hash="13-4C-94-D1-A1-A5-D9-8F-F1-E4-CE-A7-87-EF-CC-42-FC-6B-CA-BC">
      <FullName>C:\Users\mzkapoo\AppData\Local\Temp\nunit20\ShadowCopyCache\9372_635225071424335596\Tests_62974687\assembly\dl3\35f4827d\009dea19_56bbcd01\nunit.framework.dll</FullName>
      <ModuleName>nunit.framework</ModuleName>
      <Classes />
    </Module>
    <Module hash="2B-AF-42-B6-AF-98-9C-FD-72-F6-84-A8-22-7B-D0-7B-D0-4C-82-C3">
      <FullName>C:\Users\mzkapoo\AppData\Local\Temp\nunit20\ShadowCopyCache\9372_635225071424335596\Tests_62974687\assembly\dl3\7650ed34\2d1def66_84f7ce01\ExportExtension.dll</FullName>
      <ModuleName>ExportExtension</ModuleName>
      <Files>
        <File uid="7" fullPath="c:\Users\mzkapoo\Documents\SharpDevelop Projects\Apriori\ExportExtension\AprioriExtension.cs" />
        <File uid="8" fullPath="c:\Users\mzkapoo\Documents\SharpDevelop Projects\Apriori\ExportExtension\AprioriMethod.cs" />
        <File uid="12" fullPath="c:\Users\mzkapoo\Documents\SharpDevelop Projects\Apriori\ExportExtension\DatabaseExtension.cs" />
        <File uid="13" fullPath="c:\Users\mzkapoo\Documents\SharpDevelop Projects\Apriori\ExportExtension\ItemSetFactory.cs" />
        <File uid="17" fullPath="c:\Users\mzkapoo\Documents\SharpDevelop Projects\Apriori\ExportExtension\ListExtension.cs" />
        <File uid="18" fullPath="c:\Users\mzkapoo\Documents\SharpDevelop Projects\Apriori\ExportExtension\SQLite.cs" />
        <File uid="43" fullPath="c:\Users\mzkapoo\Documents\SharpDevelop Projects\Apriori\ExportExtension\SQLiteAsync.cs" />
      </Files>
      <Classes>
        <Class>
          <FullName>&lt;Module&gt;</FullName>
          <Methods />
        </Class>
        <Class>
          <FullName>ExportExtension.AprioriExtension</FullName>
          <Methods>
            <Method visited="false" cyclomaticComplexity="9" sequenceCoverage="0" branchCoverage="0" isConstructor="false" isStatic="true" isGetter="false" isSetter="false">
              <MetadataToken>100663297</MetadataToken>
              <Name>System.Collections.Generic.IList`1&lt;ExportExtension.Model.Item&gt; ExportExtension.AprioriExtension::ToApriori(System.Collections.Generic.IList`1&lt;ExportExtension.Model.Item&gt;,ExportExtension.EnumSource,System.Int32)</Name>
              <FileRef uid="7" />
              <SequencePoints>
                <SequencePoint vc="0" uspid="49" ordinal="0" offset="0" sl="25" sc="3" el="25" ec="4" />
                <SequencePoint vc="0" uspid="50" ordinal="1" offset="1" sl="26" sc="4" el="26" ec="77" />
                <SequencePoint vc="0" uspid="51" ordinal="2" offset="10" sl="27" sc="4" el="27" ec="39" />
                <SequencePoint vc="0" uspid="52" ordinal="3" offset="12" sl="30" sc="4" el="30" ec="28" />
                <SequencePoint vc="0" uspid="53" ordinal="4" offset="14" sl="32" sc="4" el="32" ec="18" />
                <SequencePoint vc="0" uspid="54" ordinal="5" offset="21" sl="34" sc="4" el="34" ec="5" />
                <SequencePoint vc="0" uspid="55" ordinal="6" offset="22" sl="35" sc="5" el="35" ec="49" />
                <SequencePoint vc="0" uspid="56" ordinal="7" offset="31" sl="39" sc="5" el="39" ec="48" />
                <SequencePoint vc="0" uspid="57" ordinal="8" offset="40" sl="44" sc="5" el="44" ec="39" />
                <SequencePoint vc="0" uspid="58" ordinal="9" offset="47" sl="45" sc="5" el="45" ec="38" />
                <SequencePoint vc="0" uspid="59" ordinal="10" offset="54" sl="46" sc="5" el="46" ec="42" />
                <SequencePoint vc="0" uspid="60" ordinal="11" offset="61" sl="47" sc="5" el="48" ec="68" />
                <SequencePoint vc="0" uspid="61" ordinal="12" offset="106" sl="51" sc="5" el="51" ec="15" />
                <SequencePoint vc="0" uspid="62" ordinal="13" offset="109" sl="52" sc="5" el="52" ec="12" />
                <SequencePoint vc="0" uspid="63" ordinal="14" offset="110" sl="52" sc="27" el="52" ec="39" />
                <SequencePoint vc="0" uspid="64" ordinal="15" offset="121" sl="52" sc="14" el="52" ec="23" />
                <SequencePoint vc="0" uspid="65" ordinal="16" offset="130" sl="53" sc="5" el="53" ec="6" />
                <SequencePoint vc="0" uspid="66" ordinal="17" offset="131" sl="54" sc="6" el="54" ec="51" />
                <SequencePoint vc="0" uspid="67" ordinal="18" offset="158" sl="55" sc="6" el="55" ec="73" />
                <SequencePoint vc="0" uspid="68" ordinal="19" offset="184" sl="56" sc="6" el="56" ec="10" />
                <SequencePoint vc="0" uspid="69" ordinal="20" offset="190" sl="57" sc="5" el="57" ec="6" />
                <SequencePoint vc="0" uspid="70" ordinal="21" offset="191" sl="52" sc="24" el="52" ec="26" />
                <SequencePoint vc="0" uspid="71" ordinal="22" offset="227" sl="60" sc="5" el="60" ec="12" />
                <SequencePoint vc="0" uspid="72" ordinal="23" offset="228" sl="60" sc="26" el="60" ec="46" />
                <SequencePoint vc="0" uspid="73" ordinal="24" offset="247" sl="60" sc="14" el="60" ec="22" />
                <SequencePoint vc="0" uspid="74" ordinal="25" offset="256" sl="61" sc="5" el="61" ec="6" />
                <SequencePoint vc="0" uspid="75" ordinal="26" offset="257" sl="62" sc="6" el="62" ec="92" />
                <SequencePoint vc="0" uspid="76" ordinal="27" offset="283" sl="63" sc="6" el="63" ec="96" />
                <SequencePoint vc="0" uspid="77" ordinal="28" offset="309" sl="67" sc="6" el="67" ec="78" />
                <SequencePoint vc="0" uspid="78" ordinal="29" offset="341" sl="69" sc="6" el="69" ec="61" />
                <SequencePoint vc="0" uspid="79" ordinal="30" offset="355" sl="71" sc="6" el="71" ec="21" />
                <SequencePoint vc="0" uspid="80" ordinal="31" offset="365" sl="72" sc="6" el="72" ec="7" />
                <SequencePoint vc="0" uspid="81" ordinal="32" offset="366" sl="73" sc="7" el="73" ec="66" />
                <SequencePoint vc="0" uspid="82" ordinal="33" offset="391" sl="74" sc="6" el="74" ec="7" />
                <SequencePoint vc="0" uspid="83" ordinal="34" offset="392" sl="76" sc="6" el="76" ec="82" />
                <SequencePoint vc="0" uspid="84" ordinal="35" offset="424" sl="77" sc="6" el="77" ec="61" />
                <SequencePoint vc="0" uspid="85" ordinal="36" offset="438" sl="78" sc="6" el="78" ec="21" />
                <SequencePoint vc="0" uspid="86" ordinal="37" offset="448" sl="79" sc="6" el="79" ec="7" />
                <SequencePoint vc="0" uspid="87" ordinal="38" offset="449" sl="80" sc="7" el="80" ec="44" />
                <SequencePoint vc="0" uspid="88" ordinal="39" offset="460" sl="81" sc="6" el="81" ec="7" />
                <SequencePoint vc="0" uspid="89" ordinal="40" offset="461" sl="83" sc="5" el="83" ec="6" />
                <SequencePoint vc="0" uspid="90" ordinal="41" offset="462" sl="60" sc="23" el="60" ec="25" />
                <SequencePoint vc="0" uspid="91" ordinal="42" offset="496" sl="84" sc="5" el="84" ec="13" />
                <SequencePoint vc="0" uspid="92" ordinal="43" offset="500" sl="85" sc="4" el="85" ec="5" />
                <SequencePoint vc="0" uspid="93" ordinal="44" offset="501" sl="33" sc="4" el="33" ec="38" />
                <SequencePoint vc="0" uspid="94" ordinal="45" offset="519" sl="89" sc="4" el="89" ec="19" />
                <SequencePoint vc="0" uspid="95" ordinal="46" offset="524" sl="90" sc="3" el="90" ec="4" />
              </SequencePoints>
              <BranchPoints>
                <BranchPoint vc="0" uspid="96" ordinal="0" offset="136" path="0" />
                <BranchPoint vc="0" uspid="97" ordinal="1" offset="136" path="1" />
                <BranchPoint vc="0" uspid="98" ordinal="2" offset="202" path="0" />
                <BranchPoint vc="0" uspid="99" ordinal="3" offset="202" path="1" />
                <BranchPoint vc="0" uspid="100" ordinal="4" offset="215" path="0" />
                <BranchPoint vc="0" uspid="101" ordinal="5" offset="215" path="1" />
                <BranchPoint vc="0" uspid="102" ordinal="6" offset="363" path="0" />
                <BranchPoint vc="0" uspid="103" ordinal="7" offset="363" path="1" />
                <BranchPoint vc="0" uspid="104" ordinal="8" offset="446" path="0" />
                <BranchPoint vc="0" uspid="105" ordinal="9" offset="446" path="1" />
                <BranchPoint vc="0" uspid="106" ordinal="10" offset="473" path="0" />
                <BranchPoint vc="0" uspid="107" ordinal="11" offset="473" path="1" />
                <BranchPoint vc="0" uspid="108" ordinal="12" offset="514" path="0" />
                <BranchPoint vc="0" uspid="109" ordinal="13" offset="514" path="1" />
              </BranchPoints>
              <MethodPoint xsi:type="SequencePoint" vc="0" uspid="49" ordinal="0" offset="0" sl="25" sc="3" el="25" ec="4" />
            </Method>
            <Method visited="false" cyclomaticComplexity="4" sequenceCoverage="0" branchCoverage="0" isConstructor="false" isStatic="true" isGetter="false" isSetter="false">
              <MetadataToken>100663298</MetadataToken>
              <Name>System.Void ExportExtension.AprioriExtension::AddFreq(System.Collections.Generic.IEnumerable`1&lt;ExportExtension.Model.Item&gt;,ExportExtension.Model.Item,System.Collections.Generic.IList`1&lt;ExportExtension.Model.Item&gt;)</Name>
              <FileRef uid="7" />
              <SequencePoints>
                <SequencePoint vc="0" uspid="110" ordinal="0" offset="6" sl="94" sc="3" el="94" ec="4" />
                <SequencePoint vc="0" uspid="111" ordinal="1" offset="7" sl="95" sc="4" el="95" ec="30" />
                <SequencePoint vc="0" uspid="112" ordinal="2" offset="18" sl="96" sc="4" el="96" ec="11" />
                <SequencePoint vc="0" uspid="113" ordinal="3" offset="19" sl="96" sc="25" el="96" ec="30" />
                <SequencePoint vc="0" uspid="114" ordinal="4" offset="28" sl="96" sc="13" el="96" ec="21" />
                <SequencePoint vc="0" uspid="115" ordinal="5" offset="35" sl="97" sc="4" el="97" ec="5" />
                <SequencePoint vc="0" uspid="116" ordinal="6" offset="36" sl="98" sc="5" el="98" ec="28" />
                <SequencePoint vc="0" uspid="117" ordinal="7" offset="64" sl="99" sc="4" el="99" ec="5" />
                <SequencePoint vc="0" uspid="118" ordinal="8" offset="65" sl="96" sc="22" el="96" ec="24" />
                <SequencePoint vc="0" uspid="119" ordinal="9" offset="98" sl="100" sc="4" el="100" ec="21" />
                <SequencePoint vc="0" uspid="120" ordinal="10" offset="121" sl="101" sc="4" el="101" ec="46" />
                <SequencePoint vc="0" uspid="121" ordinal="11" offset="145" sl="101" sc="47" el="101" ec="48" />
                <SequencePoint vc="0" uspid="122" ordinal="12" offset="146" sl="102" sc="5" el="106" ec="17" />
                <SequencePoint vc="0" uspid="123" ordinal="13" offset="199" sl="107" sc="4" el="107" ec="5" />
                <SequencePoint vc="0" uspid="124" ordinal="14" offset="200" sl="109" sc="3" el="109" ec="4" />
              </SequencePoints>
              <BranchPoints>
                <BranchPoint vc="0" uspid="126" ordinal="0" offset="75" path="0" />
                <BranchPoint vc="0" uspid="127" ordinal="1" offset="75" path="1" />
                <BranchPoint vc="0" uspid="128" ordinal="2" offset="87" path="0" />
                <BranchPoint vc="0" uspid="129" ordinal="3" offset="87" path="1" />
                <BranchPoint vc="0" uspid="130" ordinal="4" offset="143" path="0" />
                <BranchPoint vc="0" uspid="131" ordinal="5" offset="143" path="1" />
              </BranchPoints>
              <MethodPoint vc="0" uspid="125" ordinal="0" offset="0" />
            </Method>
            <Method visited="false" cyclomaticComplexity="4" sequenceCoverage="0" branchCoverage="0" isConstructor="false" isStatic="true" isGetter="false" isSetter="false">
              <MetadataToken>100663299</MetadataToken>
              <Name>System.Collections.Generic.IList`1&lt;ExportExtension.Model.Item&gt; ExportExtension.AprioriExtension::GetFirstItemSet(System.Collections.Generic.IList`1&lt;ExportExtension.Model.Item&gt;,ExportExtension.EnumSource,System.Int32)</Name>
              <FileRef uid="7" />
              <SequencePoints>
                <SequencePoint vc="0" uspid="132" ordinal="0" offset="0" sl="132" sc="3" el="132" ec="4" />
                <SequencePoint vc="0" uspid="133" ordinal="1" offset="1" sl="133" sc="4" el="133" ec="19" />
                <SequencePoint vc="0" uspid="134" ordinal="2" offset="19" sl="135" sc="6" el="135" ec="40" />
                <SequencePoint vc="0" uspid="135" ordinal="3" offset="28" sl="138" sc="6" el="138" ec="55" />
                <SequencePoint vc="0" uspid="136" ordinal="4" offset="38" sl="141" sc="6" el="141" ec="58" />
                <SequencePoint vc="0" uspid="137" ordinal="5" offset="49" sl="143" sc="3" el="143" ec="4" />
              </SequencePoints>
              <BranchPoints>
                <BranchPoint vc="0" uspid="138" ordinal="0" offset="4" path="0" />
                <BranchPoint vc="0" uspid="139" ordinal="1" offset="4" path="1" />
                <BranchPoint vc="0" uspid="140" ordinal="2" offset="4" path="2" />
              </BranchPoints>
              <MethodPoint xsi:type="SequencePoint" vc="0" uspid="132" ordinal="0" offset="0" sl="132" sc="3" el="132" ec="4" />
            </Method>
            <Method visited="false" cyclomaticComplexity="8" sequenceCoverage="0" branchCoverage="0" isConstructor="false" isStatic="true" isGetter="false" isSetter="false">
              <MetadataToken>100663300</MetadataToken>
              <Name>System.Collections.Generic.IList`1&lt;ExportExtension.Model.Item&gt; ExportExtension.AprioriExtension::GetIBMFirstItemSet(System.Collections.Generic.IList`1&lt;ExportExtension.Model.Item&gt;,System.Int32)</Name>
              <FileRef uid="8" />
              <SequencePoints>
                <SequencePoint vc="0" uspid="141" ordinal="0" offset="19" sl="32" sc="3" el="32" ec="4" />
                <SequencePoint vc="0" uspid="142" ordinal="1" offset="20" sl="34" sc="4" el="34" ec="46" />
                <SequencePoint vc="0" uspid="143" ordinal="2" offset="32" sl="36" sc="4" el="39" ec="33" />
                <SequencePoint vc="0" uspid="144" ordinal="3" offset="57" sl="40" sc="8" el="40" ec="9" />
                <SequencePoint vc="0" uspid="145" ordinal="4" offset="58" sl="41" sc="5" el="51" ec="41" />
                <SequencePoint vc="0" uspid="146" ordinal="5" offset="301" sl="53" sc="5" el="53" ec="34" />
                <SequencePoint vc="0" uspid="147" ordinal="6" offset="308" sl="54" sc="4" el="54" ec="5" />
                <SequencePoint vc="0" uspid="148" ordinal="7" offset="311" sl="54" sc="6" el="54" ec="23" />
                <SequencePoint vc="0" uspid="149" ordinal="8" offset="312" sl="54" sc="24" el="54" ec="25" />
                <SequencePoint vc="0" uspid="150" ordinal="9" offset="313" sl="55" sc="5" el="55" ec="32" />
                <SequencePoint vc="0" uspid="151" ordinal="10" offset="319" sl="56" sc="4" el="56" ec="5" />
                <SequencePoint vc="0" uspid="152" ordinal="11" offset="323" sl="58" sc="4" el="58" ec="19" />
                <SequencePoint vc="0" uspid="153" ordinal="12" offset="328" sl="59" sc="3" el="59" ec="4" />
              </SequencePoints>
              <BranchPoints>
                <BranchPoint vc="0" uspid="155" ordinal="0" offset="75" path="0" />
                <BranchPoint vc="0" uspid="156" ordinal="1" offset="75" path="1" />
                <BranchPoint vc="0" uspid="157" ordinal="2" offset="111" path="0" />
                <BranchPoint vc="0" uspid="158" ordinal="3" offset="111" path="1" />
                <BranchPoint vc="0" uspid="159" ordinal="4" offset="147" path="0" />
                <BranchPoint vc="0" uspid="160" ordinal="5" offset="147" path="1" />
                <BranchPoint vc="0" uspid="161" ordinal="6" offset="179" path="0" />
                <BranchPoint vc="0" uspid="162" ordinal="7" offset="179" path="1" />
                <BranchPoint vc="0" uspid="163" ordinal="8" offset="208" path="0" />
                <BranchPoint vc="0" uspid="164" ordinal="9" offset="208" path="1" />
                <BranchPoint vc="0" uspid="165" ordinal="10" offset="244" path="0" />
                <BranchPoint vc="0" uspid="166" ordinal="11" offset="244" path="1" />
                <BranchPoint vc="0" uspid="167" ordinal="12" offset="276" path="0" />
                <BranchPoint vc="0" uspid="168" ordinal="13" offset="276" path="1" />
              </BranchPoints>
              <MethodPoint vc="0" uspid="154" ordinal="0" offset="0" />
            </Method>
            <Method visited="false" cyclomaticComplexity="9" sequenceCoverage="0" branchCoverage="0" isConstructor="false" isStatic="true" isGetter="false" isSetter="false">
              <MetadataToken>100663301</MetadataToken>
              <Name>System.Collections.Generic.IList`1&lt;ExportExtension.Model.Item&gt; ExportExtension.AprioriExtension::GetCharFirstItemSet(System.Collections.Generic.IList`1&lt;ExportExtension.Model.Item&gt;)</Name>
              <FileRef uid="8" />
              <SequencePoints>
                <SequencePoint vc="0" uspid="169" ordinal="0" offset="7" sl="62" sc="3" el="62" ec="4" />
                <SequencePoint vc="0" uspid="170" ordinal="1" offset="8" sl="63" sc="4" el="63" ec="42" />
                <SequencePoint vc="0" uspid="171" ordinal="2" offset="14" sl="65" sc="4" el="65" ec="61" />
                <SequencePoint vc="0" uspid="172" ordinal="3" offset="37" sl="66" sc="4" el="66" ec="35" />
                <SequencePoint vc="0" uspid="173" ordinal="4" offset="49" sl="68" sc="4" el="68" ec="41" />
                <SequencePoint vc="0" uspid="174" ordinal="5" offset="55" sl="69" sc="4" el="69" ec="11" />
                <SequencePoint vc="0" uspid="175" ordinal="6" offset="56" sl="69" sc="25" el="69" ec="38" />
                <SequencePoint vc="0" uspid="176" ordinal="7" offset="72" sl="69" sc="13" el="69" ec="21" />
                <SequencePoint vc="0" uspid="177" ordinal="8" offset="80" sl="69" sc="40" el="69" ec="41" />
                <SequencePoint vc="0" uspid="178" ordinal="9" offset="81" sl="70" sc="5" el="70" ec="32" />
                <SequencePoint vc="0" uspid="179" ordinal="10" offset="99" sl="70" sc="33" el="70" ec="34" />
                <SequencePoint vc="0" uspid="180" ordinal="11" offset="100" sl="71" sc="6" el="71" ec="47" />
                <SequencePoint vc="0" uspid="181" ordinal="12" offset="118" sl="72" sc="5" el="72" ec="6" />
                <SequencePoint vc="0" uspid="182" ordinal="13" offset="119" sl="73" sc="4" el="73" ec="5" />
                <SequencePoint vc="0" uspid="183" ordinal="14" offset="120" sl="69" sc="22" el="69" ec="24" />
                <SequencePoint vc="0" uspid="184" ordinal="15" offset="156" sl="74" sc="4" el="84" ec="41" />
                <SequencePoint vc="0" uspid="185" ordinal="16" offset="339" sl="88" sc="4" el="88" ec="33" />
                <SequencePoint vc="0" uspid="186" ordinal="17" offset="347" sl="90" sc="4" el="90" ec="27" />
                <SequencePoint vc="0" uspid="187" ordinal="18" offset="365" sl="90" sc="28" el="90" ec="29" />
                <SequencePoint vc="0" uspid="188" ordinal="19" offset="366" sl="91" sc="5" el="91" ec="41" />
                <SequencePoint vc="0" uspid="189" ordinal="20" offset="391" sl="92" sc="4" el="92" ec="5" />
                <SequencePoint vc="0" uspid="190" ordinal="21" offset="392" sl="94" sc="4" el="94" ec="19" />
                <SequencePoint vc="0" uspid="191" ordinal="22" offset="397" sl="95" sc="3" el="95" ec="4" />
              </SequencePoints>
              <BranchPoints>
                <BranchPoint vc="0" uspid="193" ordinal="0" offset="97" path="0" />
                <BranchPoint vc="0" uspid="194" ordinal="1" offset="97" path="1" />
                <BranchPoint vc="0" uspid="195" ordinal="2" offset="131" path="0" />
                <BranchPoint vc="0" uspid="196" ordinal="3" offset="131" path="1" />
                <BranchPoint vc="0" uspid="197" ordinal="4" offset="144" path="0" />
                <BranchPoint vc="0" uspid="198" ordinal="5" offset="144" path="1" />
                <BranchPoint vc="0" uspid="199" ordinal="6" offset="162" path="0" />
                <BranchPoint vc="0" uspid="200" ordinal="7" offset="162" path="1" />
                <BranchPoint vc="0" uspid="201" ordinal="8" offset="198" path="0" />
                <BranchPoint vc="0" uspid="202" ordinal="9" offset="198" path="1" />
                <BranchPoint vc="0" uspid="203" ordinal="10" offset="234" path="0" />
                <BranchPoint vc="0" uspid="204" ordinal="11" offset="234" path="1" />
                <BranchPoint vc="0" uspid="205" ordinal="12" offset="288" path="0" />
                <BranchPoint vc="0" uspid="206" ordinal="13" offset="288" path="1" />
                <BranchPoint vc="0" uspid="207" ordinal="14" offset="363" path="0" />
                <BranchPoint vc="0" uspid="208" ordinal="15" offset="363" path="1" />
              </BranchPoints>
              <MethodPoint vc="0" uspid="192" ordinal="0" offset="0" />
            </Method>
            <Method visited="false" cyclomaticComplexity="1" sequenceCoverage="0" branchCoverage="0" isConstructor="false" isStatic="true" isGetter="false" isSetter="false">
              <MetadataToken>100663302</MetadataToken>
              <Name>System.String ExportExtension.AprioriExtension::&lt;GetIBMFirstItemSet&gt;b__8(System.String)</Name>
              <FileRef uid="8" />
              <SequencePoints>
                <SequencePoint vc="0" uspid="209" ordinal="0" offset="0" sl="43" sc="16" el="43" ec="17" />
              </SequencePoints>
              <BranchPoints />
              <MethodPoint xsi:type="SequencePoint" vc="0" uspid="209" ordinal="0" offset="0" sl="43" sc="16" el="43" ec="17" />
            </Method>
            <Method visited="false" cyclomaticComplexity="1" sequenceCoverage="0" branchCoverage="0" isConstructor="false" isStatic="true" isGetter="false" isSetter="false">
              <MetadataToken>100663303</MetadataToken>
              <Name>&lt;&gt;f__AnonymousType0`2&lt;System.Linq.IGrouping`2&lt;System.String,System.String&gt;,System.Int32&gt; ExportExtension.AprioriExtension::&lt;GetIBMFirstItemSet&gt;b__9(System.Linq.IGrouping`2&lt;System.String,System.String&gt;)</Name>
              <FileRef uid="8" />
              <SequencePoints>
                <SequencePoint vc="0" uspid="210" ordinal="0" offset="0" sl="44" sc="9" el="44" ec="33" />
              </SequencePoints>
              <BranchPoints />
              <MethodPoint xsi:type="SequencePoint" vc="0" uspid="210" ordinal="0" offset="0" sl="44" sc="9" el="44" ec="33" />
            </Method>
            <Method visited="false" cyclomaticComplexity="1" sequenceCoverage="0" branchCoverage="0" isConstructor="false" isStatic="true" isGetter="false" isSetter="false">
              <MetadataToken>100663304</MetadataToken>
              <Name>&lt;&gt;f__AnonymousType1`2&lt;&lt;&gt;f__AnonymousType0`2&lt;System.Linq.IGrouping`2&lt;System.String,System.String&gt;,System.Int32&gt;,System.String&gt; ExportExtension.AprioriExtension::&lt;GetIBMFirstItemSet&gt;b__a(&lt;&gt;f__AnonymousType0`2&lt;System.Linq.IGrouping`2&lt;System.String,System.String&gt;,System.Int32&gt;)</Name>
              <FileRef uid="8" />
              <SequencePoints>
                <SequencePoint vc="0" uspid="211" ordinal="0" offset="0" sl="45" sc="9" el="45" ec="21" />
              </SequencePoints>
              <BranchPoints />
              <MethodPoint xsi:type="SequencePoint" vc="0" uspid="211" ordinal="0" offset="0" sl="45" sc="9" el="45" ec="21" />
            </Method>
            <Method visited="false" cyclomaticComplexity="1" sequenceCoverage="0" branchCoverage="0" isConstructor="false" isStatic="true" isGetter="false" isSetter="false">
              <MetadataToken>100663305</MetadataToken>
              <Name>System.Int32 ExportExtension.AprioriExtension::&lt;GetIBMFirstItemSet&gt;b__c(&lt;&gt;f__AnonymousType1`2&lt;&lt;&gt;f__AnonymousType0`2&lt;System.Linq.IGrouping`2&lt;System.String,System.String&gt;,System.Int32&gt;,System.String&gt;)</Name>
              <FileRef uid="8" />
              <SequencePoints>
                <SequencePoint vc="0" uspid="212" ordinal="0" offset="0" sl="47" sc="13" el="47" ec="24" />
              </SequencePoints>
              <BranchPoints />
              <MethodPoint xsi:type="SequencePoint" vc="0" uspid="212" ordinal="0" offset="0" sl="47" sc="13" el="47" ec="24" />
            </Method>
            <Method visited="false" cyclomaticComplexity="1" sequenceCoverage="0" branchCoverage="0" isConstructor="false" isStatic="true" isGetter="false" isSetter="false">
              <MetadataToken>100663306</MetadataToken>
              <Name>System.String ExportExtension.AprioriExtension::&lt;GetIBMFirstItemSet&gt;b__d(&lt;&gt;f__AnonymousType1`2&lt;&lt;&gt;f__AnonymousType0`2&lt;System.Linq.IGrouping`2&lt;System.String,System.String&gt;,System.Int32&gt;,System.String&gt;)</Name>
              <FileRef uid="8" />
              <SequencePoints>
                <SequencePoint vc="0" uspid="213" ordinal="0" offset="0" sl="47" sc="26" el="47" ec="30" />
              </SequencePoints>
              <BranchPoints />
              <MethodPoint xsi:type="SequencePoint" vc="0" uspid="213" ordinal="0" offset="0" sl="47" sc="26" el="47" ec="30" />
            </Method>
            <Method visited="false" cyclomaticComplexity="1" sequenceCoverage="0" branchCoverage="0" isConstructor="false" isStatic="true" isGetter="false" isSetter="false">
              <MetadataToken>100663307</MetadataToken>
              <Name>System.Char ExportExtension.AprioriExtension::&lt;GetCharFirstItemSet&gt;b__1c(System.Char)</Name>
              <FileRef uid="8" />
              <SequencePoints>
                <SequencePoint vc="0" uspid="214" ordinal="0" offset="0" sl="76" sc="16" el="76" ec="17" />
              </SequencePoints>
              <BranchPoints />
              <MethodPoint xsi:type="SequencePoint" vc="0" uspid="214" ordinal="0" offset="0" sl="76" sc="16" el="76" ec="17" />
            </Method>
            <Method visited="false" cyclomaticComplexity="1" sequenceCoverage="0" branchCoverage="0" isConstructor="false" isStatic="true" isGetter="false" isSetter="false">
              <MetadataToken>100663308</MetadataToken>
              <Name>&lt;&gt;f__AnonymousType0`2&lt;System.Linq.IGrouping`2&lt;System.Char,System.Char&gt;,System.Int32&gt; ExportExtension.AprioriExtension::&lt;GetCharFirstItemSet&gt;b__1d(System.Linq.IGrouping`2&lt;System.Char,System.Char&gt;)</Name>
              <FileRef uid="8" />
              <SequencePoints>
                <SequencePoint vc="0" uspid="215" ordinal="0" offset="0" sl="77" sc="9" el="77" ec="33" />
              </SequencePoints>
              <BranchPoints />
              <MethodPoint xsi:type="SequencePoint" vc="0" uspid="215" ordinal="0" offset="0" sl="77" sc="9" el="77" ec="33" />
            </Method>
            <Method visited="false" cyclomaticComplexity="1" sequenceCoverage="0" branchCoverage="0" isConstructor="false" isStatic="true" isGetter="false" isSetter="false">
              <MetadataToken>100663309</MetadataToken>
              <Name>&lt;&gt;f__AnonymousType2`2&lt;&lt;&gt;f__AnonymousType0`2&lt;System.Linq.IGrouping`2&lt;System.Char,System.Char&gt;,System.Int32&gt;,System.String&gt; ExportExtension.AprioriExtension::&lt;GetCharFirstItemSet&gt;b__1e(&lt;&gt;f__AnonymousType0`2&lt;System.Linq.IGrouping`2&lt;System.Char,System.Char&gt;,System.Int32&gt;)</Name>
              <FileRef uid="8" />
              <SequencePoints>
                <SequencePoint vc="0" uspid="216" ordinal="0" offset="0" sl="78" sc="9" el="78" ec="32" />
              </SequencePoints>
              <BranchPoints />
              <MethodPoint xsi:type="SequencePoint" vc="0" uspid="216" ordinal="0" offset="0" sl="78" sc="9" el="78" ec="32" />
            </Method>
            <Method visited="false" cyclomaticComplexity="1" sequenceCoverage="0" branchCoverage="0" isConstructor="false" isStatic="true" isGetter="false" isSetter="false">
              <MetadataToken>100663310</MetadataToken>
              <Name>System.String ExportExtension.AprioriExtension::&lt;GetCharFirstItemSet&gt;b__20(&lt;&gt;f__AnonymousType2`2&lt;&lt;&gt;f__AnonymousType0`2&lt;System.Linq.IGrouping`2&lt;System.Char,System.Char&gt;,System.Int32&gt;,System.String&gt;)</Name>
              <FileRef uid="8" />
              <SequencePoints>
                <SequencePoint vc="0" uspid="217" ordinal="0" offset="0" sl="80" sc="13" el="80" ec="17" />
              </SequencePoints>
              <BranchPoints />
              <MethodPoint xsi:type="SequencePoint" vc="0" uspid="217" ordinal="0" offset="0" sl="80" sc="13" el="80" ec="17" />
            </Method>
          </Methods>
        </Class>
        <Class>
          <FullName>ExportExtension.AprioriExtension/&lt;&gt;c__DisplayClass2</FullName>
          <Methods>
            <Method visited="false" cyclomaticComplexity="1" sequenceCoverage="0" branchCoverage="0" isConstructor="true" isStatic="false" isGetter="false" isSetter="false">
              <MetadataToken>100663674</MetadataToken>
              <Name>System.Void ExportExtension.AprioriExtension/&lt;&gt;c__DisplayClass2::.ctor()</Name>
              <SequencePoints />
              <BranchPoints />
              <MethodPoint vc="0" uspid="218" ordinal="0" offset="0" />
            </Method>
            <Method visited="false" cyclomaticComplexity="1" sequenceCoverage="0" branchCoverage="0" isConstructor="false" isStatic="false" isGetter="false" isSetter="false">
              <MetadataToken>100663675</MetadataToken>
              <Name>System.Boolean ExportExtension.AprioriExtension/&lt;&gt;c__DisplayClass2::&lt;AddFreq&gt;b__1(ExportExtension.Model.Item)</Name>
              <FileRef uid="7" />
              <SequencePoints>
                <SequencePoint vc="0" uspid="219" ordinal="0" offset="0" sl="101" sc="26" el="101" ec="44" />
              </SequencePoints>
              <BranchPoints />
              <MethodPoint xsi:type="SequencePoint" vc="0" uspid="219" ordinal="0" offset="0" sl="101" sc="26" el="101" ec="44" />
            </Method>
          </Methods>
        </Class>
        <Class>
          <FullName>ExportExtension.AprioriExtension/&lt;&gt;c__DisplayClass16</FullName>
          <Methods>
            <Method visited="false" cyclomaticComplexity="1" sequenceCoverage="0" branchCoverage="0" isConstructor="true" isStatic="false" isGetter="false" isSetter="false">
              <MetadataToken>100663688</MetadataToken>
              <Name>System.Void ExportExtension.AprioriExtension/&lt;&gt;c__DisplayClass16::.ctor()</Name>
              <SequencePoints />
              <BranchPoints />
              <MethodPoint vc="0" uspid="220" ordinal="0" offset="0" />
            </Method>
            <Method visited="false" cyclomaticComplexity="1" sequenceCoverage="0" branchCoverage="0" isConstructor="false" isStatic="false" isGetter="false" isSetter="false">
              <MetadataToken>100663689</MetadataToken>
              <Name>System.Void ExportExtension.AprioriExtension/&lt;&gt;c__DisplayClass16::&lt;GetIBMFirstItemSet&gt;b__7(ExportExtension.Model.Item)</Name>
              <FileRef uid="8" />
              <SequencePoints>
                <SequencePoint vc="0" uspid="221" ordinal="0" offset="0" sl="36" sc="35" el="36" ec="36" />
                <SequencePoint vc="0" uspid="222" ordinal="1" offset="1" sl="37" sc="31" el="37" ec="64" />
                <SequencePoint vc="0" uspid="223" ordinal="2" offset="26" sl="38" sc="31" el="38" ec="53" />
              </SequencePoints>
              <BranchPoints />
              <MethodPoint xsi:type="SequencePoint" vc="0" uspid="221" ordinal="0" offset="0" sl="36" sc="35" el="36" ec="36" />
            </Method>
            <Method visited="false" cyclomaticComplexity="1" sequenceCoverage="0" branchCoverage="0" isConstructor="false" isStatic="false" isGetter="false" isSetter="false">
              <MetadataToken>100663690</MetadataToken>
              <Name>System.Boolean ExportExtension.AprioriExtension/&lt;&gt;c__DisplayClass16::&lt;GetIBMFirstItemSet&gt;b__b(&lt;&gt;f__AnonymousType1`2&lt;&lt;&gt;f__AnonymousType0`2&lt;System.Linq.IGrouping`2&lt;System.String,System.String&gt;,System.Int32&gt;,System.String&gt;)</Name>
              <FileRef uid="8" />
              <SequencePoints>
                <SequencePoint vc="0" uspid="224" ordinal="0" offset="0" sl="46" sc="11" el="46" ec="41" />
              </SequencePoints>
              <BranchPoints />
              <MethodPoint xsi:type="SequencePoint" vc="0" uspid="224" ordinal="0" offset="0" sl="46" sc="11" el="46" ec="41" />
            </Method>
            <Method visited="false" cyclomaticComplexity="1" sequenceCoverage="0" branchCoverage="0" isConstructor="false" isStatic="false" isGetter="false" isSetter="false">
              <MetadataToken>100663691</MetadataToken>
              <Name>ExportExtension.Model.Item ExportExtension.AprioriExtension/&lt;&gt;c__DisplayClass16::&lt;GetIBMFirstItemSet&gt;b__e(&lt;&gt;f__AnonymousType1`2&lt;&lt;&gt;f__AnonymousType0`2&lt;System.Linq.IGrouping`2&lt;System.String,System.String&gt;,System.Int32&gt;,System.String&gt;)</Name>
              <FileRef uid="8" />
              <SequencePoints>
                <SequencePoint vc="0" uspid="225" ordinal="0" offset="0" sl="48" sc="12" el="51" ec="40" />
              </SequencePoints>
              <BranchPoints />
              <MethodPoint xsi:type="SequencePoint" vc="0" uspid="225" ordinal="0" offset="0" sl="48" sc="12" el="51" ec="40" />
            </Method>
          </Methods>
        </Class>
        <Class>
          <FullName>ExportExtension.AprioriExtension/&lt;&gt;c__DisplayClass26</FullName>
          <Methods>
            <Method visited="false" cyclomaticComplexity="1" sequenceCoverage="0" branchCoverage="0" isConstructor="true" isStatic="false" isGetter="false" isSetter="false">
              <MetadataToken>100663698</MetadataToken>
              <Name>System.Void ExportExtension.AprioriExtension/&lt;&gt;c__DisplayClass26::.ctor()</Name>
              <SequencePoints />
              <BranchPoints />
              <MethodPoint vc="0" uspid="226" ordinal="0" offset="0" />
            </Method>
            <Method visited="false" cyclomaticComplexity="1" sequenceCoverage="0" branchCoverage="0" isConstructor="false" isStatic="false" isGetter="false" isSetter="false">
              <MetadataToken>100663699</MetadataToken>
              <Name>System.Boolean ExportExtension.AprioriExtension/&lt;&gt;c__DisplayClass26::&lt;GetCharFirstItemSet&gt;b__1f(&lt;&gt;f__AnonymousType2`2&lt;&lt;&gt;f__AnonymousType0`2&lt;System.Linq.IGrouping`2&lt;System.Char,System.Char&gt;,System.Int32&gt;,System.String&gt;)</Name>
              <FileRef uid="8" />
              <SequencePoints>
                <SequencePoint vc="0" uspid="227" ordinal="0" offset="0" sl="79" sc="11" el="79" ec="41" />
              </SequencePoints>
              <BranchPoints />
              <MethodPoint xsi:type="SequencePoint" vc="0" uspid="227" ordinal="0" offset="0" sl="79" sc="11" el="79" ec="41" />
            </Method>
            <Method visited="false" cyclomaticComplexity="1" sequenceCoverage="0" branchCoverage="0" isConstructor="false" isStatic="false" isGetter="false" isSetter="false">
              <MetadataToken>100663700</MetadataToken>
              <Name>ExportExtension.Model.Item ExportExtension.AprioriExtension/&lt;&gt;c__DisplayClass26::&lt;GetCharFirstItemSet&gt;b__21(&lt;&gt;f__AnonymousType2`2&lt;&lt;&gt;f__AnonymousType0`2&lt;System.Linq.IGrouping`2&lt;System.Char,System.Char&gt;,System.Int32&gt;,System.String&gt;)</Name>
              <FileRef uid="8" />
              <SequencePoints>
                <SequencePoint vc="0" uspid="228" ordinal="0" offset="0" sl="81" sc="12" el="84" ec="40" />
              </SequencePoints>
              <BranchPoints />
              <MethodPoint xsi:type="SequencePoint" vc="0" uspid="228" ordinal="0" offset="0" sl="81" sc="12" el="84" ec="40" />
            </Method>
          </Methods>
        </Class>
        <Class>
          <FullName>ExportExtension.DatabaseExtension</FullName>
          <Methods>
            <Method visited="false" cyclomaticComplexity="1" sequenceCoverage="0" branchCoverage="0" isConstructor="false" isStatic="true" isGetter="false" isSetter="false">
              <MetadataToken>100663311</MetadataToken>
              <Name>System.Void ExportExtension.DatabaseExtension::ToTextFile(System.Collections.Generic.IList`1&lt;ExportExtension.Model.Item&gt;,System.String,System.String)</Name>
              <FileRef uid="12" />
              <SequencePoints>
                <SequencePoint vc="0" uspid="229" ordinal="0" offset="0" sl="24" sc="3" el="24" ec="4" />
                <SequencePoint vc="0" uspid="230" ordinal="1" offset="1" sl="26" sc="3" el="26" ec="4" />
              </SequencePoints>
              <BranchPoints />
              <MethodPoint xsi:type="SequencePoint" vc="0" uspid="229" ordinal="0" offset="0" sl="24" sc="3" el="24" ec="4" />
            </Method>
            <Method visited="false" cyclomaticComplexity="1" sequenceCoverage="0" branchCoverage="0" isConstructor="false" isStatic="true" isGetter="false" isSetter="false">
              <MetadataToken>100663312</MetadataToken>
              <Name>System.Void ExportExtension.DatabaseExtension::ToSQLite(System.Collections.Generic.IList`1&lt;ExportExtension.Model.Item&gt;,System.String,System.String)</Name>
              <FileRef uid="12" />
              <SequencePoints>
                <SequencePoint vc="0" uspid="231" ordinal="0" offset="0" sl="29" sc="3" el="29" ec="4" />
                <SequencePoint vc="0" uspid="232" ordinal="1" offset="1" sl="31" sc="3" el="31" ec="4" />
              </SequencePoints>
              <BranchPoints />
              <MethodPoint xsi:type="SequencePoint" vc="0" uspid="231" ordinal="0" offset="0" sl="29" sc="3" el="29" ec="4" />
            </Method>
            <Method visited="false" cyclomaticComplexity="1" sequenceCoverage="0" branchCoverage="0" isConstructor="false" isStatic="true" isGetter="false" isSetter="false">
              <MetadataToken>100663313</MetadataToken>
              <Name>System.Void ExportExtension.DatabaseExtension::ToMongoDB(System.Collections.Generic.IList`1&lt;ExportExtension.Model.Item&gt;,System.String,System.String)</Name>
              <FileRef uid="12" />
              <SequencePoints>
                <SequencePoint vc="0" uspid="233" ordinal="0" offset="0" sl="34" sc="3" el="34" ec="4" />
                <SequencePoint vc="0" uspid="234" ordinal="1" offset="1" sl="36" sc="3" el="36" ec="4" />
              </SequencePoints>
              <BranchPoints />
              <MethodPoint xsi:type="SequencePoint" vc="0" uspid="233" ordinal="0" offset="0" sl="34" sc="3" el="34" ec="4" />
            </Method>
          </Methods>
        </Class>
        <Class>
          <FullName>ExportExtension.ItemSetFactory</FullName>
          <Methods>
            <Method visited="true" cyclomaticComplexity="1" sequenceCoverage="100" branchCoverage="100" isConstructor="false" isStatic="true" isGetter="false" isSetter="false">
              <MetadataToken>100663314</MetadataToken>
              <Name>System.Collections.Generic.IList`1&lt;ExportExtension.Model.Item&gt; ExportExtension.ItemSetFactory::GetCharDataSet(System.String)</Name>
              <FileRef uid="13" />
              <SequencePoints>
                <SequencePoint vc="1" uspid="235" ordinal="0" offset="13" sl="35" sc="3" el="35" ec="4" />
                <SequencePoint vc="1" uspid="236" ordinal="1" offset="14" sl="36" sc="4" el="36" ec="43" />
                <SequencePoint vc="1" uspid="237" ordinal="2" offset="25" sl="37" sc="4" el="37" ec="31" />
                <SequencePoint vc="1" uspid="238" ordinal="3" offset="36" sl="39" sc="4" el="47" ec="16" />
                <SequencePoint vc="1" uspid="239" ordinal="4" offset="54" sl="48" sc="4" el="48" ec="19" />
                <SequencePoint vc="1" uspid="240" ordinal="5" offset="63" sl="49" sc="3" el="49" ec="4" />
              </SequencePoints>
              <BranchPoints />
              <MethodPoint vc="1" uspid="241" ordinal="0" offset="0" />
            </Method>
            <Method visited="false" cyclomaticComplexity="3" sequenceCoverage="0" branchCoverage="0" isConstructor="false" isStatic="true" isGetter="false" isSetter="false">
              <MetadataToken>100663315</MetadataToken>
              <Name>System.Collections.Generic.IList`1&lt;ExportExtension.Model.Item&gt; ExportExtension.ItemSetFactory::GetIBMDataSet(System.String)</Name>
              <FileRef uid="13" />
              <SequencePoints>
                <SequencePoint vc="0" uspid="242" ordinal="0" offset="13" sl="61" sc="3" el="61" ec="4" />
                <SequencePoint vc="0" uspid="243" ordinal="1" offset="14" sl="62" sc="4" el="62" ec="43" />
                <SequencePoint vc="0" uspid="244" ordinal="2" offset="25" sl="63" sc="4" el="63" ec="31" />
                <SequencePoint vc="0" uspid="245" ordinal="3" offset="36" sl="65" sc="4" el="77" ec="16" />
                <SequencePoint vc="0" uspid="246" ordinal="4" offset="54" sl="86" sc="4" el="88" ec="45" />
                <SequencePoint vc="0" uspid="247" ordinal="5" offset="133" sl="90" sc="4" el="90" ec="44" />
                <SequencePoint vc="0" uspid="248" ordinal="6" offset="144" sl="91" sc="4" el="91" ec="34" />
                <SequencePoint vc="0" uspid="249" ordinal="7" offset="151" sl="92" sc="4" el="100" ec="7" />
                <SequencePoint vc="0" uspid="250" ordinal="8" offset="175" sl="102" sc="4" el="102" ec="20" />
                <SequencePoint vc="0" uspid="251" ordinal="9" offset="184" sl="103" sc="3" el="103" ec="4" />
              </SequencePoints>
              <BranchPoints>
                <BranchPoint vc="0" uspid="253" ordinal="0" offset="65" path="0" />
                <BranchPoint vc="0" uspid="254" ordinal="1" offset="65" path="1" />
                <BranchPoint vc="0" uspid="255" ordinal="2" offset="101" path="0" />
                <BranchPoint vc="0" uspid="256" ordinal="3" offset="101" path="1" />
              </BranchPoints>
              <MethodPoint vc="0" uspid="252" ordinal="0" offset="0" />
            </Method>
            <Method visited="false" cyclomaticComplexity="1" sequenceCoverage="0" branchCoverage="0" isConstructor="true" isStatic="false" isGetter="false" isSetter="false">
              <MetadataToken>100663316</MetadataToken>
              <Name>System.Void ExportExtension.ItemSetFactory::.ctor()</Name>
              <SequencePoints />
              <BranchPoints />
              <MethodPoint vc="0" uspid="257" ordinal="0" offset="0" />
            </Method>
            <Method visited="false" cyclomaticComplexity="1" sequenceCoverage="0" branchCoverage="0" isConstructor="false" isStatic="true" isGetter="false" isSetter="false">
              <MetadataToken>100663317</MetadataToken>
              <Name>System.String ExportExtension.ItemSetFactory::&lt;GetIBMDataSet&gt;b__a(ExportExtension.Model.Item)</Name>
              <FileRef uid="13" />
              <SequencePoints>
                <SequencePoint vc="0" uspid="258" ordinal="0" offset="0" sl="87" sc="19" el="87" ec="37" />
              </SequencePoints>
              <BranchPoints />
              <MethodPoint xsi:type="SequencePoint" vc="0" uspid="258" ordinal="0" offset="0" sl="87" sc="19" el="87" ec="37" />
            </Method>
            <Method visited="false" cyclomaticComplexity="1" sequenceCoverage="0" branchCoverage="0" isConstructor="false" isStatic="true" isGetter="false" isSetter="false">
              <MetadataToken>100663318</MetadataToken>
              <Name>&lt;&gt;f__AnonymousType3`2&lt;System.String,System.Linq.IGrouping`2&lt;System.String,ExportExtension.Model.Item&gt;&gt; ExportExtension.ItemSetFactory::&lt;GetIBMDataSet&gt;b__b(System.Linq.IGrouping`2&lt;System.String,ExportExtension.Model.Item&gt;)</Name>
              <FileRef uid="13" />
              <SequencePoints>
                <SequencePoint vc="0" uspid="259" ordinal="0" offset="0" sl="88" sc="12" el="88" ec="44" />
              </SequencePoints>
              <BranchPoints />
              <MethodPoint xsi:type="SequencePoint" vc="0" uspid="259" ordinal="0" offset="0" sl="88" sc="12" el="88" ec="44" />
            </Method>
          </Methods>
        </Class>
        <Class>
          <FullName>ExportExtension.ItemSetFactory/&lt;&gt;c__DisplayClass2</FullName>
          <Methods>
            <Method visited="true" cyclomaticComplexity="1" sequenceCoverage="0" branchCoverage="0" isConstructor="true" isStatic="false" isGetter="false" isSetter="false">
              <MetadataToken>100663701</MetadataToken>
              <Name>System.Void ExportExtension.ItemSetFactory/&lt;&gt;c__DisplayClass2::.ctor()</Name>
              <SequencePoints />
              <BranchPoints />
              <MethodPoint vc="1" uspid="260" ordinal="0" offset="0" />
            </Method>
            <Method visited="true" cyclomaticComplexity="1" sequenceCoverage="0" branchCoverage="0" isConstructor="false" isStatic="false" isGetter="false" isSetter="false">
              <MetadataToken>100663702</MetadataToken>
              <Name>System.Threading.Tasks.Task ExportExtension.ItemSetFactory/&lt;&gt;c__DisplayClass2::&lt;GetCharDataSet&gt;b__1()</Name>
              <SequencePoints />
              <BranchPoints />
              <MethodPoint vc="1" uspid="261" ordinal="0" offset="0" />
            </Method>
          </Methods>
        </Class>
        <Class>
          <FullName>ExportExtension.ItemSetFactory/&lt;&gt;c__DisplayClass2/&lt;&lt;GetCharDataSet&gt;b__1&gt;d__4</FullName>
          <Methods>
            <Method visited="true" cyclomaticComplexity="8" sequenceCoverage="100" branchCoverage="85" isConstructor="false" isStatic="false" isGetter="false" isSetter="false">
              <MetadataToken>100663703</MetadataToken>
              <Name>System.Void ExportExtension.ItemSetFactory/&lt;&gt;c__DisplayClass2/&lt;&lt;GetCharDataSet&gt;b__1&gt;d__4::MoveNext()</Name>
              <FileRef uid="13" />
              <SequencePoints>
                <SequencePoint vc="1" uspid="262" ordinal="0" offset="29" sl="39" sc="24" el="39" ec="25" />
                <SequencePoint vc="1" uspid="263" ordinal="1" offset="30" sl="40" sc="13" el="40" ec="58" />
                <SequencePoint vc="1" uspid="264" ordinal="2" offset="72" sl="41" sc="10" el="41" ec="11" />
                <SequencePoint vc="9" uspid="265" ordinal="3" offset="75" sl="43" sc="14" el="43" ec="15" />
                <SequencePoint vc="9" uspid="266" ordinal="4" offset="76" sl="44" sc="15" el="44" ec="50" />
                <SequencePoint vc="9" uspid="267" ordinal="5" offset="118" sl="45" sc="14" el="45" ec="15" />
                <SequencePoint vc="10" uspid="268" ordinal="6" offset="119" sl="42" sc="14" el="42" ec="64" />
                <SequencePoint vc="1" uspid="269" ordinal="7" offset="292" sl="46" sc="10" el="46" ec="11" />
                <SequencePoint vc="1" uspid="270" ordinal="8" offset="361" sl="47" sc="13" el="47" ec="14" />
              </SequencePoints>
              <BranchPoints>
                <BranchPoint vc="4" uspid="272" ordinal="0" offset="12" path="0" />
                <BranchPoint vc="0" uspid="273" ordinal="1" offset="12" path="1" />
                <BranchPoint vc="1" uspid="274" ordinal="2" offset="16" path="0" />
                <BranchPoint vc="3" uspid="275" ordinal="3" offset="16" path="1" />
                <BranchPoint vc="1" uspid="276" ordinal="4" offset="61" path="0" />
                <BranchPoint vc="3" uspid="277" ordinal="5" offset="61" path="1" />
                <BranchPoint vc="3" uspid="278" ordinal="6" offset="150" path="0" />
                <BranchPoint vc="7" uspid="279" ordinal="7" offset="150" path="1" />
                <BranchPoint vc="1" uspid="280" ordinal="8" offset="287" path="0" />
                <BranchPoint vc="9" uspid="281" ordinal="9" offset="287" path="1" />
                <BranchPoint vc="1" uspid="282" ordinal="10" offset="303" path="0" />
                <BranchPoint vc="3" uspid="283" ordinal="11" offset="303" path="1" />
                <BranchPoint vc="1" uspid="284" ordinal="12" offset="318" path="0" />
                <BranchPoint vc="0" uspid="285" ordinal="13" offset="318" path="1" />
              </BranchPoints>
              <MethodPoint vc="4" uspid="271" ordinal="0" offset="0" />
            </Method>
            <Method visited="true" cyclomaticComplexity="1" sequenceCoverage="0" branchCoverage="0" isConstructor="false" isStatic="false" isGetter="false" isSetter="false">
              <MetadataToken>100663704</MetadataToken>
              <Name>System.Void ExportExtension.ItemSetFactory/&lt;&gt;c__DisplayClass2/&lt;&lt;GetCharDataSet&gt;b__1&gt;d__4::SetStateMachine(System.Runtime.CompilerServices.IAsyncStateMachine)</Name>
              <SequencePoints />
              <BranchPoints />
              <MethodPoint vc="1" uspid="286" ordinal="0" offset="0" />
            </Method>
          </Methods>
        </Class>
        <Class>
          <FullName>ExportExtension.ItemSetFactory/&lt;&gt;c__DisplayClassf</FullName>
          <Methods>
            <Method visited="false" cyclomaticComplexity="1" sequenceCoverage="0" branchCoverage="0" isConstructor="true" isStatic="false" isGetter="false" isSetter="false">
              <MetadataToken>100663711</MetadataToken>
              <Name>System.Void ExportExtension.ItemSetFactory/&lt;&gt;c__DisplayClassf::.ctor()</Name>
              <SequencePoints />
              <BranchPoints />
              <MethodPoint vc="0" uspid="287" ordinal="0" offset="0" />
            </Method>
            <Method visited="false" cyclomaticComplexity="1" sequenceCoverage="0" branchCoverage="0" isConstructor="false" isStatic="false" isGetter="false" isSetter="false">
              <MetadataToken>100663712</MetadataToken>
              <Name>System.Threading.Tasks.Task ExportExtension.ItemSetFactory/&lt;&gt;c__DisplayClassf::&lt;GetIBMDataSet&gt;b__9()</Name>
              <SequencePoints />
              <BranchPoints />
              <MethodPoint vc="0" uspid="288" ordinal="0" offset="0" />
            </Method>
            <Method visited="false" cyclomaticComplexity="3" sequenceCoverage="0" branchCoverage="0" isConstructor="false" isStatic="false" isGetter="false" isSetter="false">
              <MetadataToken>100663713</MetadataToken>
              <Name>System.Void ExportExtension.ItemSetFactory/&lt;&gt;c__DisplayClassf::&lt;GetIBMDataSet&gt;b__c(&lt;&gt;f__AnonymousType3`2&lt;System.String,System.Linq.IGrouping`2&lt;System.String,ExportExtension.Model.Item&gt;&gt;)</Name>
              <FileRef uid="13" />
              <SequencePoints>
                <SequencePoint vc="0" uspid="289" ordinal="0" offset="0" sl="92" sc="34" el="92" ec="35" />
                <SequencePoint vc="0" uspid="290" ordinal="1" offset="1" sl="93" sc="5" el="93" ec="28" />
                <SequencePoint vc="0" uspid="291" ordinal="2" offset="7" sl="94" sc="5" el="94" ec="36" />
                <SequencePoint vc="0" uspid="292" ordinal="3" offset="20" sl="95" sc="5" el="95" ec="12" />
                <SequencePoint vc="0" uspid="293" ordinal="4" offset="21" sl="95" sc="23" el="95" ec="30" />
                <SequencePoint vc="0" uspid="294" ordinal="5" offset="35" sl="95" sc="14" el="95" ec="19" />
                <SequencePoint vc="0" uspid="295" ordinal="6" offset="42" sl="96" sc="5" el="96" ec="6" />
                <SequencePoint vc="0" uspid="296" ordinal="7" offset="43" sl="97" sc="6" el="97" ec="32" />
                <SequencePoint vc="0" uspid="297" ordinal="8" offset="72" sl="98" sc="5" el="98" ec="6" />
                <SequencePoint vc="0" uspid="298" ordinal="9" offset="73" sl="95" sc="20" el="95" ec="22" />
                <SequencePoint vc="0" uspid="299" ordinal="10" offset="102" sl="99" sc="5" el="99" ec="24" />
              </SequencePoints>
              <BranchPoints>
                <BranchPoint vc="0" uspid="300" ordinal="0" offset="81" path="0" />
                <BranchPoint vc="0" uspid="301" ordinal="1" offset="81" path="1" />
                <BranchPoint vc="0" uspid="302" ordinal="2" offset="91" path="0" />
                <BranchPoint vc="0" uspid="303" ordinal="3" offset="91" path="1" />
              </BranchPoints>
              <MethodPoint xsi:type="SequencePoint" vc="0" uspid="289" ordinal="0" offset="0" sl="92" sc="34" el="92" ec="35" />
            </Method>
          </Methods>
        </Class>
        <Class>
          <FullName>ExportExtension.ItemSetFactory/&lt;&gt;c__DisplayClassf/&lt;&lt;GetIBMDataSet&gt;b__9&gt;d__11</FullName>
          <Methods>
            <Method visited="false" cyclomaticComplexity="8" sequenceCoverage="0" branchCoverage="0" isConstructor="false" isStatic="false" isGetter="false" isSetter="false">
              <MetadataToken>100663714</MetadataToken>
              <Name>System.Void ExportExtension.ItemSetFactory/&lt;&gt;c__DisplayClassf/&lt;&lt;GetIBMDataSet&gt;b__9&gt;d__11::MoveNext()</Name>
              <FileRef uid="13" />
              <SequencePoints>
                <SequencePoint vc="0" uspid="304" ordinal="0" offset="32" sl="65" sc="24" el="65" ec="25" />
                <SequencePoint vc="0" uspid="305" ordinal="1" offset="33" sl="66" sc="13" el="66" ec="58" />
                <SequencePoint vc="0" uspid="306" ordinal="2" offset="77" sl="67" sc="10" el="67" ec="11" />
                <SequencePoint vc="0" uspid="307" ordinal="3" offset="80" sl="69" sc="14" el="69" ec="15" />
                <SequencePoint vc="0" uspid="308" ordinal="4" offset="81" sl="70" sc="15" el="70" ec="53" />
                <SequencePoint vc="0" uspid="309" ordinal="5" offset="119" sl="71" sc="15" el="74" ec="30" />
                <SequencePoint vc="0" uspid="310" ordinal="6" offset="167" sl="75" sc="14" el="75" ec="15" />
                <SequencePoint vc="0" uspid="311" ordinal="7" offset="168" sl="68" sc="14" el="68" ec="64" />
                <SequencePoint vc="0" uspid="312" ordinal="8" offset="341" sl="76" sc="10" el="76" ec="11" />
                <SequencePoint vc="0" uspid="313" ordinal="9" offset="410" sl="77" sc="13" el="77" ec="14" />
              </SequencePoints>
              <BranchPoints>
                <BranchPoint vc="0" uspid="315" ordinal="0" offset="14" path="0" />
                <BranchPoint vc="0" uspid="316" ordinal="1" offset="14" path="1" />
                <BranchPoint vc="0" uspid="317" ordinal="2" offset="19" path="0" />
                <BranchPoint vc="0" uspid="318" ordinal="3" offset="19" path="1" />
                <BranchPoint vc="0" uspid="319" ordinal="4" offset="66" path="0" />
                <BranchPoint vc="0" uspid="320" ordinal="5" offset="66" path="1" />
                <BranchPoint vc="0" uspid="321" ordinal="6" offset="199" path="0" />
                <BranchPoint vc="0" uspid="322" ordinal="7" offset="199" path="1" />
                <BranchPoint vc="0" uspid="323" ordinal="8" offset="336" path="0" />
                <BranchPoint vc="0" uspid="324" ordinal="9" offset="336" path="1" />
                <BranchPoint vc="0" uspid="325" ordinal="10" offset="352" path="0" />
                <BranchPoint vc="0" uspid="326" ordinal="11" offset="352" path="1" />
                <BranchPoint vc="0" uspid="327" ordinal="12" offset="367" path="0" />
                <BranchPoint vc="0" uspid="328" ordinal="13" offset="367" path="1" />
              </BranchPoints>
              <MethodPoint vc="0" uspid="314" ordinal="0" offset="0" />
            </Method>
            <Method visited="false" cyclomaticComplexity="1" sequenceCoverage="0" branchCoverage="0" isConstructor="false" isStatic="false" isGetter="false" isSetter="false">
              <MetadataToken>100663715</MetadataToken>
              <Name>System.Void ExportExtension.ItemSetFactory/&lt;&gt;c__DisplayClassf/&lt;&lt;GetIBMDataSet&gt;b__9&gt;d__11::SetStateMachine(System.Runtime.CompilerServices.IAsyncStateMachine)</Name>
              <SequencePoints />
              <BranchPoints />
              <MethodPoint vc="0" uspid="329" ordinal="0" offset="0" />
            </Method>
          </Methods>
        </Class>
        <Class>
          <FullName>ExportExtension.ListExtension</FullName>
          <Methods>
            <Method visited="false" cyclomaticComplexity="1" sequenceCoverage="0" branchCoverage="0" isConstructor="false" isStatic="true" isGetter="false" isSetter="false">
              <MetadataToken>100663319</MetadataToken>
              <Name>System.String ExportExtension.ListExtension::ToJson(System.Collections.Generic.IList`1&lt;ExportExtension.Model.Item&gt;)</Name>
              <FileRef uid="17" />
              <SequencePoints>
                <SequencePoint vc="0" uspid="330" ordinal="0" offset="0" sl="25" sc="3" el="25" ec="4" />
                <SequencePoint vc="0" uspid="331" ordinal="1" offset="1" sl="26" sc="4" el="26" ec="41" />
                <SequencePoint vc="0" uspid="332" ordinal="2" offset="10" sl="27" sc="3" el="27" ec="4" />
              </SequencePoints>
              <BranchPoints />
              <MethodPoint xsi:type="SequencePoint" vc="0" uspid="330" ordinal="0" offset="0" sl="25" sc="3" el="25" ec="4" />
            </Method>
          </Methods>
        </Class>
        <Class>
          <FullName>ExportExtension.Model.Item</FullName>
          <Methods>
            <Method visited="false" cyclomaticComplexity="1" sequenceCoverage="0" branchCoverage="0" isConstructor="false" isStatic="false" isGetter="true" isSetter="false">
              <MetadataToken>100663320</MetadataToken>
              <Name>System.Int32 ExportExtension.Model.Item::get_Id()</Name>
              <SequencePoints />
              <BranchPoints />
              <MethodPoint vc="0" uspid="333" ordinal="0" offset="0" />
            </Method>
            <Method visited="false" cyclomaticComplexity="1" sequenceCoverage="0" branchCoverage="0" isConstructor="false" isStatic="false" isGetter="false" isSetter="true">
              <MetadataToken>100663321</MetadataToken>
              <Name>System.Void ExportExtension.Model.Item::set_Id(System.Int32)</Name>
              <SequencePoints />
              <BranchPoints />
              <MethodPoint vc="0" uspid="334" ordinal="0" offset="0" />
            </Method>
            <Method visited="false" cyclomaticComplexity="1" sequenceCoverage="0" branchCoverage="0" isConstructor="false" isStatic="false" isGetter="true" isSetter="false">
              <MetadataToken>100663322</MetadataToken>
              <Name>MongoDB.Bson.ObjectId ExportExtension.Model.Item::get_ObjectId()</Name>
              <SequencePoints />
              <BranchPoints />
              <MethodPoint vc="0" uspid="335" ordinal="0" offset="0" />
            </Method>
            <Method visited="false" cyclomaticComplexity="1" sequenceCoverage="0" branchCoverage="0" isConstructor="false" isStatic="false" isGetter="false" isSetter="true">
              <MetadataToken>100663323</MetadataToken>
              <Name>System.Void ExportExtension.Model.Item::set_ObjectId(MongoDB.Bson.ObjectId)</Name>
              <SequencePoints />
              <BranchPoints />
              <MethodPoint vc="0" uspid="336" ordinal="0" offset="0" />
            </Method>
            <Method visited="false" cyclomaticComplexity="1" sequenceCoverage="0" branchCoverage="0" isConstructor="false" isStatic="false" isGetter="true" isSetter="false">
              <MetadataToken>100663324</MetadataToken>
              <Name>System.Int32 ExportExtension.Model.Item::get_MinimumSupport()</Name>
              <SequencePoints />
              <BranchPoints />
              <MethodPoint vc="0" uspid="337" ordinal="0" offset="0" />
            </Method>
            <Method visited="false" cyclomaticComplexity="1" sequenceCoverage="0" branchCoverage="0" isConstructor="false" isStatic="false" isGetter="false" isSetter="true">
              <MetadataToken>100663325</MetadataToken>
              <Name>System.Void ExportExtension.Model.Item::set_MinimumSupport(System.Int32)</Name>
              <SequencePoints />
              <BranchPoints />
              <MethodPoint vc="0" uspid="338" ordinal="0" offset="0" />
            </Method>
            <Method visited="false" cyclomaticComplexity="1" sequenceCoverage="0" branchCoverage="0" isConstructor="false" isStatic="false" isGetter="true" isSetter="false">
              <MetadataToken>100663326</MetadataToken>
              <Name>System.Int32 ExportExtension.Model.Item::get_TransactionSupport()</Name>
              <SequencePoints />
              <BranchPoints />
              <MethodPoint vc="0" uspid="339" ordinal="0" offset="0" />
            </Method>
            <Method visited="false" cyclomaticComplexity="1" sequenceCoverage="0" branchCoverage="0" isConstructor="false" isStatic="false" isGetter="false" isSetter="true">
              <MetadataToken>100663327</MetadataToken>
              <Name>System.Void ExportExtension.Model.Item::set_TransactionSupport(System.Int32)</Name>
              <SequencePoints />
              <BranchPoints />
              <MethodPoint vc="0" uspid="340" ordinal="0" offset="0" />
            </Method>
            <Method visited="false" cyclomaticComplexity="1" sequenceCoverage="0" branchCoverage="0" isConstructor="false" isStatic="false" isGetter="true" isSetter="false">
              <MetadataToken>100663328</MetadataToken>
              <Name>System.String ExportExtension.Model.Item::get_TransactionId()</Name>
              <SequencePoints />
              <BranchPoints />
              <MethodPoint vc="0" uspid="341" ordinal="0" offset="0" />
            </Method>
            <Method visited="false" cyclomaticComplexity="1" sequenceCoverage="0" branchCoverage="0" isConstructor="false" isStatic="false" isGetter="false" isSetter="true">
              <MetadataToken>100663329</MetadataToken>
              <Name>System.Void ExportExtension.Model.Item::set_TransactionId(System.String)</Name>
              <SequencePoints />
              <BranchPoints />
              <MethodPoint vc="0" uspid="342" ordinal="0" offset="0" />
            </Method>
            <Method visited="false" cyclomaticComplexity="1" sequenceCoverage="0" branchCoverage="0" isConstructor="false" isStatic="false" isGetter="true" isSetter="false">
              <MetadataToken>100663330</MetadataToken>
              <Name>System.String ExportExtension.Model.Item::get_Data()</Name>
              <SequencePoints />
              <BranchPoints />
              <MethodPoint vc="0" uspid="343" ordinal="0" offset="0" />
            </Method>
            <Method visited="true" cyclomaticComplexity="1" sequenceCoverage="0" branchCoverage="0" isConstructor="false" isStatic="false" isGetter="false" isSetter="true">
              <MetadataToken>100663331</MetadataToken>
              <Name>System.Void ExportExtension.Model.Item::set_Data(System.String)</Name>
              <SequencePoints />
              <BranchPoints />
              <MethodPoint vc="9" uspid="344" ordinal="0" offset="0" />
            </Method>
            <Method visited="true" cyclomaticComplexity="1" sequenceCoverage="0" branchCoverage="0" isConstructor="true" isStatic="false" isGetter="false" isSetter="false">
              <MetadataToken>100663332</MetadataToken>
              <Name>System.Void ExportExtension.Model.Item::.ctor()</Name>
              <SequencePoints />
              <BranchPoints />
              <MethodPoint vc="9" uspid="345" ordinal="0" offset="0" />
            </Method>
          </Methods>
        </Class>
        <Class>
          <FullName>SQLite.SQLiteException</FullName>
          <Methods>
            <Method visited="false" cyclomaticComplexity="1" sequenceCoverage="0" branchCoverage="0" isConstructor="false" isStatic="false" isGetter="true" isSetter="false">
              <MetadataToken>100663333</MetadataToken>
              <Name>SQLite.SQLite3/Result SQLite.SQLiteException::get_Result()</Name>
              <SequencePoints />
              <BranchPoints />
              <MethodPoint vc="0" uspid="346" ordinal="0" offset="0" />
            </Method>
            <Method visited="false" cyclomaticComplexity="1" sequenceCoverage="0" branchCoverage="0" isConstructor="false" isStatic="false" isGetter="false" isSetter="true">
              <MetadataToken>100663334</MetadataToken>
              <Name>System.Void SQLite.SQLiteException::set_Result(SQLite.SQLite3/Result)</Name>
              <SequencePoints />
              <BranchPoints />
              <MethodPoint vc="0" uspid="347" ordinal="0" offset="0" />
            </Method>
            <Method visited="false" cyclomaticComplexity="1" sequenceCoverage="0" branchCoverage="0" isConstructor="true" isStatic="false" isGetter="false" isSetter="false">
              <MetadataToken>100663335</MetadataToken>
              <Name>System.Void SQLite.SQLiteException::.ctor(SQLite.SQLite3/Result,System.String)</Name>
              <FileRef uid="18" />
              <SequencePoints>
                <SequencePoint vc="0" uspid="348" ordinal="0" offset="0" sl="54" sc="3" el="54" ec="78" />
                <SequencePoint vc="0" uspid="349" ordinal="1" offset="8" sl="55" sc="3" el="55" ec="4" />
                <SequencePoint vc="0" uspid="350" ordinal="2" offset="9" sl="56" sc="4" el="56" ec="15" />
                <SequencePoint vc="0" uspid="351" ordinal="3" offset="17" sl="57" sc="3" el="57" ec="4" />
              </SequencePoints>
              <BranchPoints />
              <MethodPoint xsi:type="SequencePoint" vc="0" uspid="348" ordinal="0" offset="0" sl="54" sc="3" el="54" ec="78" />
            </Method>
[...]
                <SequencePoint vc="0" uspid="2893" ordinal="4" offset="29" sl="392" sc="4" el="392" ec="5" />
              </SequencePoints>
              <BranchPoints />
              <MethodPoint xsi:type="SequencePoint" vc="0" uspid="2889" ordinal="0" offset="0" sl="388" sc="4" el="388" ec="58" />
            </Method>
            <Method visited="false" cyclomaticComplexity="1" sequenceCoverage="0" branchCoverage="0" isConstructor="false" isStatic="false" isGetter="false" isSetter="false">
              <MetadataToken>100663669</MetadataToken>
              <Name>System.Void SQLite.SQLiteConnectionPool/Entry::OnApplicationSuspended()</Name>
              <FileRef uid="43" />
              <SequencePoints>
                <SequencePoint vc="0" uspid="2894" ordinal="0" offset="0" sl="395" sc="4" el="395" ec="5" />
                <SequencePoint vc="0" uspid="2895" ordinal="1" offset="1" sl="396" sc="5" el="396" ec="27" />
                <SequencePoint vc="0" uspid="2896" ordinal="2" offset="13" sl="397" sc="5" el="397" ec="23" />
                <SequencePoint vc="0" uspid="2897" ordinal="3" offset="21" sl="398" sc="4" el="398" ec="5" />
              </SequencePoints>
              <BranchPoints />
              <MethodPoint xsi:type="SequencePoint" vc="0" uspid="2894" ordinal="0" offset="0" sl="395" sc="4" el="395" ec="5" />
            </Method>
          </Methods>
        </Class>
        <Class>
          <FullName>SQLite.SQLiteConnectionWithLock</FullName>
          <Methods>
            <Method visited="false" cyclomaticComplexity="1" sequenceCoverage="0" branchCoverage="0" isConstructor="true" isStatic="false" isGetter="false" isSetter="false">
              <MetadataToken>100663670</MetadataToken>
              <Name>System.Void SQLite.SQLiteConnectionWithLock::.ctor(SQLite.SQLiteConnectionString)</Name>
              <FileRef uid="43" />
              <SequencePoints>
                <SequencePoint vc="0" uspid="2898" ordinal="0" offset="0" sl="457" sc="3" el="457" ec="46" />
                <SequencePoint vc="0" uspid="2899" ordinal="1" offset="11" sl="459" sc="3" el="460" ec="81" />
                <SequencePoint vc="0" uspid="2900" ordinal="2" offset="30" sl="461" sc="3" el="461" ec="4" />
                <SequencePoint vc="0" uspid="2901" ordinal="3" offset="31" sl="462" sc="3" el="462" ec="4" />
              </SequencePoints>
              <BranchPoints />
              <MethodPoint xsi:type="SequencePoint" vc="0" uspid="2898" ordinal="0" offset="0" sl="457" sc="3" el="457" ec="46" />
            </Method>
            <Method visited="false" cyclomaticComplexity="1" sequenceCoverage="0" branchCoverage="0" isConstructor="false" isStatic="false" isGetter="false" isSetter="false">
              <MetadataToken>100663671</MetadataToken>
              <Name>System.IDisposable SQLite.SQLiteConnectionWithLock::Lock()</Name>
              <FileRef uid="43" />
              <SequencePoints>
                <SequencePoint vc="0" uspid="2902" ordinal="0" offset="0" sl="465" sc="3" el="465" ec="4" />
                <SequencePoint vc="0" uspid="2903" ordinal="1" offset="1" sl="466" sc="4" el="466" ec="40" />
                <SequencePoint vc="0" uspid="2904" ordinal="2" offset="15" sl="467" sc="3" el="467" ec="4" />
              </SequencePoints>
              <BranchPoints />
              <MethodPoint xsi:type="SequencePoint" vc="0" uspid="2902" ordinal="0" offset="0" sl="465" sc="3" el="465" ec="4" />
            </Method>
          </Methods>
        </Class>
        <Class>
          <FullName>SQLite.SQLiteConnectionWithLock/LockWrapper</FullName>
          <Methods>
            <Method visited="false" cyclomaticComplexity="1" sequenceCoverage="0" branchCoverage="0" isConstructor="true" isStatic="false" isGetter="false" isSetter="false">
              <MetadataToken>100663672</MetadataToken>
              <Name>System.Void SQLite.SQLiteConnectionWithLock/LockWrapper::.ctor(System.Object)</Name>
              <FileRef uid="43" />
              <SequencePoints>
                <SequencePoint vc="0" uspid="2905" ordinal="0" offset="0" sl="473" sc="4" el="473" ec="41" />
                <SequencePoint vc="0" uspid="2906" ordinal="1" offset="7" sl="474" sc="4" el="474" ec="5" />
                <SequencePoint vc="0" uspid="2907" ordinal="2" offset="8" sl="475" sc="5" el="475" ec="28" />
                <SequencePoint vc="0" uspid="2908" ordinal="3" offset="15" sl="476" sc="5" el="476" ec="32" />
                <SequencePoint vc="0" uspid="2909" ordinal="4" offset="27" sl="477" sc="4" el="477" ec="5" />
              </SequencePoints>
              <BranchPoints />
              <MethodPoint xsi:type="SequencePoint" vc="0" uspid="2905" ordinal="0" offset="0" sl="473" sc="4" el="473" ec="41" />
            </Method>
            <Method visited="false" cyclomaticComplexity="1" sequenceCoverage="0" branchCoverage="0" isConstructor="false" isStatic="false" isGetter="false" isSetter="false">
              <MetadataToken>100663673</MetadataToken>
              <Name>System.Void SQLite.SQLiteConnectionWithLock/LockWrapper::Dispose()</Name>
              <FileRef uid="43" />
              <SequencePoints>
                <SequencePoint vc="0" uspid="2910" ordinal="0" offset="0" sl="480" sc="4" el="480" ec="5" />
                <SequencePoint vc="0" uspid="2911" ordinal="1" offset="1" sl="481" sc="5" el="481" ec="31" />
                <SequencePoint vc="0" uspid="2912" ordinal="2" offset="13" sl="482" sc="4" el="482" ec="5" />
              </SequencePoints>
              <BranchPoints />
              <MethodPoint xsi:type="SequencePoint" vc="0" uspid="2910" ordinal="0" offset="0" sl="480" sc="4" el="480" ec="5" />
            </Method>
          </Methods>
        </Class>
        <Class>
          <FullName>&lt;&gt;f__AnonymousType0`2</FullName>
          <Methods>
            <Method visited="false" cyclomaticComplexity="1" sequenceCoverage="0" branchCoverage="0" isConstructor="false" isStatic="false" isGetter="true" isSetter="false">
              <MetadataToken>100663677</MetadataToken>
              <Name>&lt;g&gt;j__TPar &lt;&gt;f__AnonymousType0`2::get_g()</Name>
              <SequencePoints />
              <BranchPoints />
              <MethodPoint vc="0" uspid="2913" ordinal="0" offset="0" />
            </Method>
            <Method visited="false" cyclomaticComplexity="1" sequenceCoverage="0" branchCoverage="0" isConstructor="false" isStatic="false" isGetter="true" isSetter="false">
              <MetadataToken>100663678</MetadataToken>
              <Name>&lt;transSupport&gt;j__TPar &lt;&gt;f__AnonymousType0`2::get_transSupport()</Name>
              <SequencePoints />
              <BranchPoints />
              <MethodPoint vc="0" uspid="2914" ordinal="0" offset="0" />
            </Method>
            <Method visited="false" cyclomaticComplexity="1" sequenceCoverage="0" branchCoverage="0" isConstructor="true" isStatic="false" isGetter="false" isSetter="false">
              <MetadataToken>100663676</MetadataToken>
              <Name>System.Void &lt;&gt;f__AnonymousType0`2::.ctor(&lt;g&gt;j__TPar,&lt;transSupport&gt;j__TPar)</Name>
              <SequencePoints />
              <BranchPoints />
              <MethodPoint vc="0" uspid="2915" ordinal="0" offset="0" />
            </Method>
            <Method visited="false" cyclomaticComplexity="1" sequenceCoverage="0" branchCoverage="0" isConstructor="false" isStatic="false" isGetter="false" isSetter="false">
              <MetadataToken>100663679</MetadataToken>
              <Name>System.String &lt;&gt;f__AnonymousType0`2::ToString()</Name>
              <SequencePoints />
              <BranchPoints />
              <MethodPoint vc="0" uspid="2916" ordinal="0" offset="0" />
            </Method>
            <Method visited="false" cyclomaticComplexity="3" sequenceCoverage="0" branchCoverage="0" isConstructor="false" isStatic="false" isGetter="false" isSetter="false">
              <MetadataToken>100663680</MetadataToken>
              <Name>System.Boolean &lt;&gt;f__AnonymousType0`2::Equals(System.Object)</Name>
              <SequencePoints />
              <BranchPoints>
                <BranchPoint vc="0" uspid="2918" ordinal="0" offset="8" path="0" />
                <BranchPoint vc="0" uspid="2919" ordinal="1" offset="8" path="1" />
                <BranchPoint vc="0" uspid="2920" ordinal="2" offset="32" path="0" />
                <BranchPoint vc="0" uspid="2921" ordinal="3" offset="32" path="1" />
              </BranchPoints>
              <MethodPoint vc="0" uspid="2917" ordinal="0" offset="0" />
            </Method>
            <Method visited="false" cyclomaticComplexity="1" sequenceCoverage="0" branchCoverage="0" isConstructor="false" isStatic="false" isGetter="false" isSetter="false">
              <MetadataToken>100663681</MetadataToken>
              <Name>System.Int32 &lt;&gt;f__AnonymousType0`2::GetHashCode()</Name>
              <SequencePoints />
              <BranchPoints />
              <MethodPoint vc="0" uspid="2922" ordinal="0" offset="0" />
            </Method>
          </Methods>
        </Class>
        <Class>
          <FullName>&lt;&gt;f__AnonymousType1`2</FullName>
          <Methods>
            <Method visited="false" cyclomaticComplexity="1" sequenceCoverage="0" branchCoverage="0" isConstructor="false" isStatic="false" isGetter="true" isSetter="false">
              <MetadataToken>100663683</MetadataToken>
              <Name>&lt;&lt;&gt;h__TransparentIdentifier4&gt;j__TPar &lt;&gt;f__AnonymousType1`2::get_&lt;&gt;h__TransparentIdentifier4()</Name>
              <SequencePoints />
              <BranchPoints />
              <MethodPoint vc="0" uspid="2923" ordinal="0" offset="0" />
            </Method>
            <Method visited="false" cyclomaticComplexity="1" sequenceCoverage="0" branchCoverage="0" isConstructor="false" isStatic="false" isGetter="true" isSetter="false">
              <MetadataToken>100663684</MetadataToken>
              <Name>&lt;data&gt;j__TPar &lt;&gt;f__AnonymousType1`2::get_data()</Name>
              <SequencePoints />
              <BranchPoints />
              <MethodPoint vc="0" uspid="2924" ordinal="0" offset="0" />
            </Method>
            <Method visited="false" cyclomaticComplexity="1" sequenceCoverage="0" branchCoverage="0" isConstructor="true" isStatic="false" isGetter="false" isSetter="false">
              <MetadataToken>100663682</MetadataToken>
              <Name>System.Void &lt;&gt;f__AnonymousType1`2::.ctor(&lt;&lt;&gt;h__TransparentIdentifier4&gt;j__TPar,&lt;data&gt;j__TPar)</Name>
              <SequencePoints />
              <BranchPoints />
              <MethodPoint vc="0" uspid="2925" ordinal="0" offset="0" />
            </Method>
            <Method visited="false" cyclomaticComplexity="1" sequenceCoverage="0" branchCoverage="0" isConstructor="false" isStatic="false" isGetter="false" isSetter="false">
              <MetadataToken>100663685</MetadataToken>
              <Name>System.String &lt;&gt;f__AnonymousType1`2::ToString()</Name>
              <SequencePoints />
              <BranchPoints />
              <MethodPoint vc="0" uspid="2926" ordinal="0" offset="0" />
            </Method>
            <Method visited="false" cyclomaticComplexity="3" sequenceCoverage="0" branchCoverage="0" isConstructor="false" isStatic="false" isGetter="false" isSetter="false">
              <MetadataToken>100663686</MetadataToken>
              <Name>System.Boolean &lt;&gt;f__AnonymousType1`2::Equals(System.Object)</Name>
              <SequencePoints />
              <BranchPoints>
                <BranchPoint vc="0" uspid="2928" ordinal="0" offset="8" path="0" />
                <BranchPoint vc="0" uspid="2929" ordinal="1" offset="8" path="1" />
                <BranchPoint vc="0" uspid="2930" ordinal="2" offset="32" path="0" />
                <BranchPoint vc="0" uspid="2931" ordinal="3" offset="32" path="1" />
              </BranchPoints>
              <MethodPoint vc="0" uspid="2927" ordinal="0" offset="0" />
            </Method>
            <Method visited="false" cyclomaticComplexity="1" sequenceCoverage="0" branchCoverage="0" isConstructor="false" isStatic="false" isGetter="false" isSetter="false">
              <MetadataToken>100663687</MetadataToken>
              <Name>System.Int32 &lt;&gt;f__AnonymousType1`2::GetHashCode()</Name>
              <SequencePoints />
              <BranchPoints />
              <MethodPoint vc="0" uspid="2932" ordinal="0" offset="0" />
            </Method>
          </Methods>
        </Class>
        <Class>
          <FullName>&lt;&gt;f__AnonymousType2`2</FullName>
          <Methods>
            <Method visited="false" cyclomaticComplexity="1" sequenceCoverage="0" branchCoverage="0" isConstructor="false" isStatic="false" isGetter="true" isSetter="false">
              <MetadataToken>100663693</MetadataToken>
              <Name>&lt;&lt;&gt;h__TransparentIdentifier18&gt;j__TPar &lt;&gt;f__AnonymousType2`2::get_&lt;&gt;h__TransparentIdentifier18()</Name>
              <SequencePoints />
              <BranchPoints />
              <MethodPoint vc="0" uspid="2933" ordinal="0" offset="0" />
            </Method>
            <Method visited="false" cyclomaticComplexity="1" sequenceCoverage="0" branchCoverage="0" isConstructor="false" isStatic="false" isGetter="true" isSetter="false">
              <MetadataToken>100663694</MetadataToken>
              <Name>&lt;data&gt;j__TPar &lt;&gt;f__AnonymousType2`2::get_data()</Name>
              <SequencePoints />
              <BranchPoints />
              <MethodPoint vc="0" uspid="2934" ordinal="0" offset="0" />
            </Method>
            <Method visited="false" cyclomaticComplexity="1" sequenceCoverage="0" branchCoverage="0" isConstructor="true" isStatic="false" isGetter="false" isSetter="false">
              <MetadataToken>100663692</MetadataToken>
              <Name>System.Void &lt;&gt;f__AnonymousType2`2::.ctor(&lt;&lt;&gt;h__TransparentIdentifier18&gt;j__TPar,&lt;data&gt;j__TPar)</Name>
              <SequencePoints />
              <BranchPoints />
              <MethodPoint vc="0" uspid="2935" ordinal="0" offset="0" />
            </Method>
            <Method visited="false" cyclomaticComplexity="1" sequenceCoverage="0" branchCoverage="0" isConstructor="false" isStatic="false" isGetter="false" isSetter="false">
              <MetadataToken>100663695</MetadataToken>
              <Name>System.String &lt;&gt;f__AnonymousType2`2::ToString()</Name>
              <SequencePoints />
              <BranchPoints />
              <MethodPoint vc="0" uspid="2936" ordinal="0" offset="0" />
            </Method>
            <Method visited="false" cyclomaticComplexity="3" sequenceCoverage="0" branchCoverage="0" isConstructor="false" isStatic="false" isGetter="false" isSetter="false">
              <MetadataToken>100663696</MetadataToken>
              <Name>System.Boolean &lt;&gt;f__AnonymousType2`2::Equals(System.Object)</Name>
              <SequencePoints />
              <BranchPoints>
                <BranchPoint vc="0" uspid="2938" ordinal="0" offset="8" path="0" />
                <BranchPoint vc="0" uspid="2939" ordinal="1" offset="8" path="1" />
                <BranchPoint vc="0" uspid="2940" ordinal="2" offset="32" path="0" />
                <BranchPoint vc="0" uspid="2941" ordinal="3" offset="32" path="1" />
              </BranchPoints>
              <MethodPoint vc="0" uspid="2937" ordinal="0" offset="0" />
            </Method>
            <Method visited="false" cyclomaticComplexity="1" sequenceCoverage="0" branchCoverage="0" isConstructor="false" isStatic="false" isGetter="false" isSetter="false">
              <MetadataToken>100663697</MetadataToken>
              <Name>System.Int32 &lt;&gt;f__AnonymousType2`2::GetHashCode()</Name>
              <SequencePoints />
              <BranchPoints />
              <MethodPoint vc="0" uspid="2942" ordinal="0" offset="0" />
            </Method>
          </Methods>
        </Class>
        <Class>
          <FullName>&lt;&gt;f__AnonymousType3`2</FullName>
          <Methods>
            <Method visited="false" cyclomaticComplexity="1" sequenceCoverage="0" branchCoverage="0" isConstructor="false" isStatic="false" isGetter="true" isSetter="false">
              <MetadataToken>100663706</MetadataToken>
              <Name>&lt;TransID&gt;j__TPar &lt;&gt;f__AnonymousType3`2::get_TransID()</Name>
              <SequencePoints />
              <BranchPoints />
              <MethodPoint vc="0" uspid="2943" ordinal="0" offset="0" />
            </Method>
            <Method visited="false" cyclomaticComplexity="1" sequenceCoverage="0" branchCoverage="0" isConstructor="false" isStatic="false" isGetter="true" isSetter="false">
              <MetadataToken>100663707</MetadataToken>
              <Name>&lt;Items&gt;j__TPar &lt;&gt;f__AnonymousType3`2::get_Items()</Name>
              <SequencePoints />
              <BranchPoints />
              <MethodPoint vc="0" uspid="2944" ordinal="0" offset="0" />
            </Method>
            <Method visited="false" cyclomaticComplexity="1" sequenceCoverage="0" branchCoverage="0" isConstructor="true" isStatic="false" isGetter="false" isSetter="false">
              <MetadataToken>100663705</MetadataToken>
              <Name>System.Void &lt;&gt;f__AnonymousType3`2::.ctor(&lt;TransID&gt;j__TPar,&lt;Items&gt;j__TPar)</Name>
              <SequencePoints />
              <BranchPoints />
              <MethodPoint vc="0" uspid="2945" ordinal="0" offset="0" />
            </Method>
            <Method visited="false" cyclomaticComplexity="1" sequenceCoverage="0" branchCoverage="0" isConstructor="false" isStatic="false" isGetter="false" isSetter="false">
              <MetadataToken>100663708</MetadataToken>
              <Name>System.String &lt;&gt;f__AnonymousType3`2::ToString()</Name>
              <SequencePoints />
              <BranchPoints />
              <MethodPoint vc="0" uspid="2946" ordinal="0" offset="0" />
            </Method>
            <Method visited="false" cyclomaticComplexity="3" sequenceCoverage="0" branchCoverage="0" isConstructor="false" isStatic="false" isGetter="false" isSetter="false">
              <MetadataToken>100663709</MetadataToken>
              <Name>System.Boolean &lt;&gt;f__AnonymousType3`2::Equals(System.Object)</Name>
              <SequencePoints />
              <BranchPoints>
                <BranchPoint vc="0" uspid="2948" ordinal="0" offset="8" path="0" />
                <BranchPoint vc="0" uspid="2949" ordinal="1" offset="8" path="1" />
                <BranchPoint vc="0" uspid="2950" ordinal="2" offset="32" path="0" />
                <BranchPoint vc="0" uspid="2951" ordinal="3" offset="32" path="1" />
              </BranchPoints>
              <MethodPoint vc="0" uspid="2947" ordinal="0" offset="0" />
            </Method>
            <Method visited="false" cyclomaticComplexity="1" sequenceCoverage="0" branchCoverage="0" isConstructor="false" isStatic="false" isGetter="false" isSetter="false">
              <MetadataToken>100663710</MetadataToken>
              <Name>System.Int32 &lt;&gt;f__AnonymousType3`2::GetHashCode()</Name>
              <SequencePoints />
              <BranchPoints />
              <MethodPoint vc="0" uspid="2952" ordinal="0" offset="0" />
            </Method>
          </Methods>
        </Class>
      </Classes>
    </Module>
    <Module skippedDueTo="MissingPdb" hash="25-49-DF-BE-C4-97-30-4C-D9-98-AC-0D-A4-62-B6-85-94-BD-00-2F">
      <FullName>C:\Users\mzkapoo\AppData\Local\Temp\nunit20\ShadowCopyCache\9372_635225071424335596\Tests_62974687\assembly\dl3\8d74527a\d4ff2852_f7f2ce01\MongoDB.Bson.dll</FullName>
      <ModuleName>MongoDB.Bson</ModuleName>
      <Classes />
    </Module>
  </Modules>
</CoverageSession>